# MSA ar14_1 nseq 72 (98) alen 123 (153) avgid 63.48 (60.94) nbpairs 31 (31)
# Method Target_E-val cov_at_target_E-val [cov_min,conv_max] [FP | TP True Found | Sen PPV F] 
# GTp    0.05         46.43               [-9.72,114.61]      [0 | 22 31 22 | 70.97 100.00 83.02] 
#       left_pos       right_pos        score   E-value
#------------------------------------------------------------
*	     118	     141	114.61	0
*	      16	      39	113.36	0
*	     112	     147	108.14	0
*	       9	      46	104.77	0
*	       8	      47	96.18	0
*	      57	      90	95.98	0
*	      64	      83	93.92	0
*	      63	      84	92.49	0
*	      11	      44	91.24	0
*	     120	     140	86.96	0
*	      65	      82	83.80	0
*	     113	     146	82.98	0
*	     116	     143	74.44	0
*	     122	     138	71.83	0
*	       7	      48	70.78	0
*	      58	      89	69.70	0
*	      60	      88	68.23	0
*	      62	      86	60.45	0
*	      17	      37	57.77	0
*	      61	      87	55.63	0
*	      12	      43	52.33	1.26552e-12
*	      14	      41	50.04	6.7238e-08
