# MSA RF00001_5S_rRNA_rRNA nseq 554 (712) alen 119 (230) avgid 55.26 (55.74) nbpairs 34 (34)
# GTp thresh Eval 0.050000 cov=188.290909 [-9.008545,1076.969707] [10 | 22 34 32 | 64.705882 68.750000 66.666667] 
*	        28	       140	1076.97	0
*	        34	       137	1023.83	0
*	        32	       138	990.15	0
*	        30	       139	969.35	0
*	        72	       106	960.41	0
*	        78	       104	944.88	0
*	         5	       227	854.18	0
~	       171	       189	816.82	0
*	        21	       146	781.32	0
*	       178	       183	765.79	0
*	         7	       225	725.03	0
*	       154	       211	707.55	0
*	         6	       226	682.35	0
*	        73	       105	662.29	0
*	       158	       205	652.51	0
~	        27	       141	651.47	0
*	        11	       219	631.80	0
*	       177	       185	623.51	0
*	         4	       228	563.13	0
*	         3	       229	559.62	0
~	       172	       188	545.80	0
*	        22	       144	529.69	0
 	        57	       113	474.76	0
*	       153	       212	459.86	0
~	        88	       102	424.18	0
 	       168	       193	397.51	0
*	       159	       204	382.01	0
~	       173	       187	275.07	0
~	       157	       206	247.19	0
~	       114	       118	240.65	7.77156e-17
*	        71	       108	231.68	7.07989e-14
~	       170	       190	190.95	0.033078
# cyk-cov structure
# GTp thresh Eval 0.050000 cov=188.290909 [-9.008545,1076.969707] [1 | 31 38 32 | 81.578947 96.875000 88.571429] 
*	        28	       140	1076.97	0
*	        34	       137	1023.83	0
*	        32	       138	990.15	0
*	        30	       139	969.35	0
*	        72	       106	960.41	0
*	        78	       104	944.88	0
*	         5	       227	854.18	0
*	       171	       189	816.82	0
*	        21	       146	781.32	0
*	       178	       183	765.79	0
*	         7	       225	725.03	0
*	       154	       211	707.55	0
*	         6	       226	682.35	0
*	        73	       105	662.29	0
*	       158	       205	652.51	0
*	        27	       141	651.47	0
*	        11	       219	631.80	0
*	       177	       185	623.51	0
*	         4	       228	563.13	0
*	         3	       229	559.62	0
*	       172	       188	545.80	0
*	        22	       144	529.69	0
*	        57	       113	474.76	0
*	       153	       212	459.86	0
*	        88	       102	424.18	0
*	       168	       193	397.51	0
*	       159	       204	382.01	0
*	       173	       187	275.07	0
*	       157	       206	247.19	0
~	       114	       118	240.65	0
*	        71	       108	231.68	0
*	       170	       190	190.95	0.00697543
