# MSA RF00005_tRNA_tRNA nseq 894 (954) alen 71 (118) avgid 44.30 (44.21) nbpairs 21 (21)
# GTp thresh Eval 0.050000 cov=139.879863 [-9.246835,2069.529105] [18 | 21 21 39 | 100.000000 53.846154 70.000000] 
*	        38	        51	2069.53	0
*	         2	       115	1910.95	0
*	        88	       105	1813.21	0
*	         3	       114	1812.81	0
*	        87	       106	1803.41	0
*	        40	        49	1765.52	0
*	         7	       110	1763.92	0
*	        14	        30	1761.09	0
*	        37	        52	1750.44	0
*	         4	       113	1686.60	0
*	         5	       112	1669.53	0
*	         6	       111	1663.83	0
*	        13	        31	1451.64	0
*	        86	       108	1410.66	0
*	        39	        50	1315.92	0
*	        35	        54	1227.12	0
*	         1	       116	1223.39	0
*	        90	       104	1203.06	0
~	        17	        85	696.13	0
*	        12	        32	602.91	0
*	        15	        29	523.78	0
~	        23	        95	497.98	0
*	        91	       103	355.07	0
 	        29	        81	324.18	0
~	        22	        23	317.57	0
 	        10	        30	289.19	0
 	        15	        81	274.26	0
 	        10	        14	270.89	0
~	        22	        95	268.69	0
~	        46	        47	255.56	0
~	        22	        94	233.05	0
~	        45	       118	231.35	0
 	        10	        15	214.07	0
~	        41	        48	202.67	0
~	        23	        96	200.00	0
~	        95	        96	195.83	0
~	        46	        48	194.22	0
~	        44	        45	173.67	3.03456e-11
~	        94	        96	172.19	8.73642e-11
# cyk-cov structure
# GTp thresh Eval 0.050000 cov=139.879863 [-9.246835,2069.529105] [17 | 22 22 39 | 100.000000 56.410256 72.131148] 
*	        38	        51	2069.53	0
*	         2	       115	1910.95	0
*	        88	       105	1813.21	0
*	         3	       114	1812.81	0
*	        87	       106	1803.41	0
*	        40	        49	1765.52	0
*	         7	       110	1763.92	0
*	        14	        30	1761.09	0
*	        37	        52	1750.44	0
*	         4	       113	1686.60	0
*	         5	       112	1669.53	0
*	         6	       111	1663.83	0
*	        13	        31	1451.64	0
*	        86	       108	1410.66	0
*	        39	        50	1315.92	0
*	        35	        54	1227.12	0
*	         1	       116	1223.39	0
*	        90	       104	1203.06	0
~	        17	        85	696.13	0
*	        12	        32	602.91	0
*	        15	        29	523.78	0
~	        23	        95	497.98	0
*	        91	       103	355.07	0
 	        29	        81	324.18	0
~	        22	        23	317.57	0
 	        10	        30	289.19	0
 	        15	        81	274.26	0
 	        10	        14	270.89	0
~	        22	        95	268.69	0
~	        46	        47	255.56	0
~	        22	        94	233.05	0
~	        45	       118	231.35	0
 	        10	        15	214.07	0
*	        41	        48	202.67	0
~	        23	        96	200.00	0
~	        95	        96	195.83	0
 	        46	        48	194.22	0
~	        44	        45	173.67	0
~	        94	        96	172.19	0
