# MSA updated_Arisong_1 nseq 69 (95) alen 65 (150) avgid 65.16 (64.97) nbpairs 20 (20)
# GTp thresh Eval 0.050000 cov=41.310069 [-9.744726,89.076909] [2 | 9 20 11 | 45.000000 81.818182 58.064516] 
*	        98	       106	89.08	0
*	       122	       137	69.00	0
*	        96	       108	65.95	0
*	       120	       139	56.32	0
 	       104	       130	47.18	5.99449e-12
*	       119	       140	43.84	6.01567e-06
 	        93	       104	43.65	6.01567e-06
*	        94	       110	43.17	4.29923e-05
*	       124	       134	42.97	0.000111963
*	       123	       135	41.95	0.00405659
*	       121	       138	41.92	0.00405659
# cyk-cov structure
# GTp thresh Eval 0.050000 cov=41.310069 [-9.744726,89.076909] [2 | 9 18 11 | 50.000000 81.818182 62.068966] 
*	        98	       106	89.08	0
*	       122	       137	69.00	0
*	        96	       108	65.95	0
*	       120	       139	56.32	0
~	       104	       130	47.18	3.24133e-12
*	       119	       140	43.84	5.72761e-06
~	        93	       104	43.65	5.72761e-06
*	        94	       110	43.17	4.52997e-05
*	       124	       134	42.97	0.00012422
*	       123	       135	41.95	0.00550652
*	       121	       138	41.92	0.00550652
