This file contains any messages produced by compilers while
running configure, to aid debugging if configure makes a mistake.

It was created by e2msa configure 0.1, which was
generated by GNU Autoconf 2.69.  Invocation command line was

  $ ./configure 

## --------- ##
## Platform. ##
## --------- ##

hostname = rivase-lm3.local
uname -m = x86_64
uname -r = 14.5.0
uname -s = Darwin
uname -v = Darwin Kernel Version 14.5.0: Thu Apr 21 20:40:54 PDT 2016; root:xnu-2782.50.3~1/RELEASE_X86_64

/usr/bin/uname -p = i386
/bin/uname -X     = unknown

/bin/arch              = unknown
/usr/bin/arch -k       = unknown
/usr/convex/getsysinfo = unknown
/usr/bin/hostinfo      = Mach kernel version:
	 Darwin Kernel Version 14.5.0: Thu Apr 21 20:40:54 PDT 2016; root:xnu-2782.50.3~1/RELEASE_X86_64
Kernel configured for up to 4 processors.
2 processors are physically available.
4 processors are logically available.
Processor type: x86_64h (Intel x86-64h Haswell)
Processors active: 0 1 2 3
Primary memory available: 16.00 gigabytes
Default processor set: 495 tasks, 1816 threads, 4 processors
Load average: 2.81, Mach factor: 1.40
/bin/machine           = unknown
/usr/bin/oslevel       = unknown
/bin/universe          = unknown

PATH: /Users/rivase/anaconda/bin
PATH: /opt/local/bin
PATH: /opt/local/sbin
PATH: /opt/local/bin
PATH: /opt/local/sbin
PATH: /usr/kerberos/bin
PATH: /usr/local/bin
PATH: /bin
PATH: /usr/bin
PATH: /usr/local/gnuplot-4.6.0/bin
PATH: /usr/X11R6/bin
PATH: /usr/sbin
PATH: /Users/rivase/bin
PATH: /usr/local/mfold/bin
PATH: /Applications/anaconda/bin/
PATH: /usr/local/bin
PATH: /usr/bin
PATH: /bin
PATH: /usr/sbin
PATH: /sbin
PATH: /opt/X11/bin
PATH: /usr/texbin


## ----------- ##
## Core tests. ##
## ----------- ##

configure:2270: Configuring e2msa for your system.
configure:2399: checking build system type
configure:2413: result: i686-apple-darwin14.5.0
configure:2433: checking host system type
configure:2446: result: i686-apple-darwin14.5.0
configure:2477: Full E2 source distribution - using full configuration
configure:2604: checking for gcc
configure:2620: found /usr/bin/gcc
configure:2631: result: gcc
configure:2860: checking for C compiler version
configure:2869: gcc --version >&5
Apple LLVM version 6.1.0 (clang-602.0.49) (based on LLVM 3.6.0svn)
Target: x86_64-apple-darwin14.5.0
Thread model: posix
Configured with: --prefix=/Applications/Xcode.app/Contents/Developer/usr --with-gxx-include-dir=/usr/include/c++/4.2.1
configure:2880: $? = 0
configure:2869: gcc -v >&5
Configured with: --prefix=/Applications/Xcode.app/Contents/Developer/usr --with-gxx-include-dir=/usr/include/c++/4.2.1
Apple LLVM version 6.1.0 (clang-602.0.49) (based on LLVM 3.6.0svn)
Target: x86_64-apple-darwin14.5.0
Thread model: posix
configure:2880: $? = 0
configure:2869: gcc -V >&5
clang: error: argument to '-V' is missing (expected 1 value)
clang: error: no input files
configure:2880: $? = 1
configure:2869: gcc -qversion >&5
clang: error: unknown argument: '-qversion'
clang: error: no input files
configure:2880: $? = 1
configure:2900: checking whether the C compiler works
configure:2922: gcc    conftest.c  >&5
configure:2926: $? = 0
configure:2974: result: yes
configure:2977: checking for C compiler default output file name
configure:2979: result: a.out
configure:2985: checking for suffix of executables
configure:2992: gcc -o conftest    conftest.c  >&5
configure:2996: $? = 0
configure:3018: result: 
configure:3040: checking whether we are cross compiling
configure:3048: gcc -o conftest    conftest.c  >&5
configure:3052: $? = 0
configure:3059: ./conftest
configure:3063: $? = 0
configure:3078: result: no
configure:3083: checking for suffix of object files
configure:3105: gcc -c   conftest.c >&5
configure:3109: $? = 0
configure:3130: result: o
configure:3134: checking whether we are using the GNU C compiler
configure:3153: gcc -c   conftest.c >&5
configure:3153: $? = 0
configure:3162: result: yes
configure:3171: checking whether gcc accepts -g
configure:3191: gcc -c -g  conftest.c >&5
configure:3191: $? = 0
configure:3232: result: yes
configure:3249: checking for gcc option to accept ISO C89
configure:3312: gcc  -c -g -O2  conftest.c >&5
configure:3312: $? = 0
configure:3325: result: none needed
configure:3511: checking for the pthreads library -lpthreads
configure:3544: gcc -o conftest -g -O2    conftest.c -lpthreads  >&5
ld: library not found for -lpthreads
clang: error: linker command failed with exit code 1 (use -v to see invocation)
configure:3544: $? = 1
configure: failed program was:
| /* confdefs.h */
| #define PACKAGE_NAME "e2msa"
| #define PACKAGE_TARNAME "e2msa"
| #define PACKAGE_VERSION "0.1"
| #define PACKAGE_STRING "e2msa 0.1"
| #define PACKAGE_BUGREPORT "elenarivas@fas.harvard.edu"
| #define PACKAGE_URL ""
| #define E2MSA_DATE "MARCH 2017"
| #define E2MSA_COPYRIGHT "Copyright (C) 2017 Howard Hughes Medical Institute."
| #define E2MSA_LICENSE "Freely distributed under the GNU General Public License (GPLv3)."
| #define E2MSA_VERSION "0.1.0"
| #define E2MSA_URL "http://selab.org/"
| #define eslDEBUGLEVEL 0
| /* end confdefs.h.  */
| #include <pthread.h>
| int
| main ()
| {
| pthread_t th; pthread_join(th, 0);
|                      pthread_attr_init(0); pthread_cleanup_push(0, 0);
|                      pthread_create(0,0,0,0); pthread_cleanup_pop(0);
|   ;
|   return 0;
| }
configure:3553: result: no
configure:3456: checking whether pthreads work without any flags
configure:3544: gcc -o conftest -g -O2    conftest.c   >&5
configure:3544: $? = 0
configure:3553: result: yes
configure:3573: checking for joinable pthread attribute
configure:3586: gcc -o conftest -g -O2    conftest.c   >&5
configure:3586: $? = 0
configure:3618: result: PTHREAD_CREATE_JOINABLE
configure:3625: checking if more special flags are required for pthreads
configure:3635: result: no
configure:3647: checking for cc_r
configure:3675: result: gcc
configure:3814: checking for gcc
configure:3841: result: gcc
configure:4070: checking for C compiler version
configure:4079: gcc --version >&5
Apple LLVM version 6.1.0 (clang-602.0.49) (based on LLVM 3.6.0svn)
Target: x86_64-apple-darwin14.5.0
Thread model: posix
Configured with: --prefix=/Applications/Xcode.app/Contents/Developer/usr --with-gxx-include-dir=/usr/include/c++/4.2.1
configure:4090: $? = 0
configure:4079: gcc -v >&5
Configured with: --prefix=/Applications/Xcode.app/Contents/Developer/usr --with-gxx-include-dir=/usr/include/c++/4.2.1
Apple LLVM version 6.1.0 (clang-602.0.49) (based on LLVM 3.6.0svn)
Target: x86_64-apple-darwin14.5.0
Thread model: posix
configure:4090: $? = 0
configure:4079: gcc -V >&5
clang: error: argument to '-V' is missing (expected 1 value)
clang: error: no input files
configure:4090: $? = 1
configure:4079: gcc -qversion >&5
clang: error: unknown argument: '-qversion'
clang: error: no input files
configure:4090: $? = 1
configure:4094: checking whether we are using the GNU C compiler
configure:4122: result: yes
configure:4131: checking whether gcc accepts -g
configure:4192: result: yes
configure:4209: checking for gcc option to accept ISO C89
configure:4285: result: none needed
configure:4319: checking for a BSD-compatible install
configure:4387: result: /usr/bin/install -c
configure:4596: checking how to run the C preprocessor
configure:4627: gcc -E  conftest.c
configure:4627: $? = 0
configure:4641: gcc -E  conftest.c
conftest.c:16:10: fatal error: 'ac_nonexistent.h' file not found
#include <ac_nonexistent.h>
         ^
1 error generated.
configure:4641: $? = 1
configure: failed program was:
| /* confdefs.h */
| #define PACKAGE_NAME "e2msa"
| #define PACKAGE_TARNAME "e2msa"
| #define PACKAGE_VERSION "0.1"
| #define PACKAGE_STRING "e2msa 0.1"
| #define PACKAGE_BUGREPORT "elenarivas@fas.harvard.edu"
| #define PACKAGE_URL ""
| #define E2MSA_DATE "MARCH 2017"
| #define E2MSA_COPYRIGHT "Copyright (C) 2017 Howard Hughes Medical Institute."
| #define E2MSA_LICENSE "Freely distributed under the GNU General Public License (GPLv3)."
| #define E2MSA_VERSION "0.1.0"
| #define E2MSA_URL "http://selab.org/"
| #define eslDEBUGLEVEL 0
| #define HAVE_PTHREAD 1
| /* end confdefs.h.  */
| #include <ac_nonexistent.h>
configure:4666: result: gcc -E
configure:4686: gcc -E  conftest.c
configure:4686: $? = 0
configure:4700: gcc -E  conftest.c
conftest.c:16:10: fatal error: 'ac_nonexistent.h' file not found
#include <ac_nonexistent.h>
         ^
1 error generated.
configure:4700: $? = 1
configure: failed program was:
| /* confdefs.h */
| #define PACKAGE_NAME "e2msa"
| #define PACKAGE_TARNAME "e2msa"
| #define PACKAGE_VERSION "0.1"
| #define PACKAGE_STRING "e2msa 0.1"
| #define PACKAGE_BUGREPORT "elenarivas@fas.harvard.edu"
| #define PACKAGE_URL ""
| #define E2MSA_DATE "MARCH 2017"
| #define E2MSA_COPYRIGHT "Copyright (C) 2017 Howard Hughes Medical Institute."
| #define E2MSA_LICENSE "Freely distributed under the GNU General Public License (GPLv3)."
| #define E2MSA_VERSION "0.1.0"
| #define E2MSA_URL "http://selab.org/"
| #define eslDEBUGLEVEL 0
| #define HAVE_PTHREAD 1
| /* end confdefs.h.  */
| #include <ac_nonexistent.h>
configure:4729: checking for C compiler vendor
configure:4753: gcc -c -g -O2  conftest.c >&5
conftest.c:22:7: error: use of undeclared identifier 'thisisanerror'
      thisisanerror;
      ^
1 error generated.
configure:4753: $? = 1
configure: failed program was:
| /* confdefs.h */
| #define PACKAGE_NAME "e2msa"
| #define PACKAGE_TARNAME "e2msa"
| #define PACKAGE_VERSION "0.1"
| #define PACKAGE_STRING "e2msa 0.1"
| #define PACKAGE_BUGREPORT "elenarivas@fas.harvard.edu"
| #define PACKAGE_URL ""
| #define E2MSA_DATE "MARCH 2017"
| #define E2MSA_COPYRIGHT "Copyright (C) 2017 Howard Hughes Medical Institute."
| #define E2MSA_LICENSE "Freely distributed under the GNU General Public License (GPLv3)."
| #define E2MSA_VERSION "0.1.0"
| #define E2MSA_URL "http://selab.org/"
| #define eslDEBUGLEVEL 0
| #define HAVE_PTHREAD 1
| /* end confdefs.h.  */
| 
| int
| main ()
| {
| 
| #if !(defined(__ICC) || defined(__ECC) || defined(__INTEL_COMPILER))
|       thisisanerror;
| #endif
| 
|   ;
|   return 0;
| }
configure:4753: gcc -c -g -O2  conftest.c >&5
conftest.c:22:7: error: use of undeclared identifier 'thisisanerror'
      thisisanerror;
      ^
1 error generated.
configure:4753: $? = 1
configure: failed program was:
| /* confdefs.h */
| #define PACKAGE_NAME "e2msa"
| #define PACKAGE_TARNAME "e2msa"
| #define PACKAGE_VERSION "0.1"
| #define PACKAGE_STRING "e2msa 0.1"
| #define PACKAGE_BUGREPORT "elenarivas@fas.harvard.edu"
| #define PACKAGE_URL ""
| #define E2MSA_DATE "MARCH 2017"
| #define E2MSA_COPYRIGHT "Copyright (C) 2017 Howard Hughes Medical Institute."
| #define E2MSA_LICENSE "Freely distributed under the GNU General Public License (GPLv3)."
| #define E2MSA_VERSION "0.1.0"
| #define E2MSA_URL "http://selab.org/"
| #define eslDEBUGLEVEL 0
| #define HAVE_PTHREAD 1
| /* end confdefs.h.  */
| 
| int
| main ()
| {
| 
| #if !(defined(__xlc__) || defined(__xlC__) || defined(__IBMC__) || defined(__IBMCPP__))
|       thisisanerror;
| #endif
| 
|   ;
|   return 0;
| }
configure:4753: gcc -c -g -O2  conftest.c >&5
conftest.c:22:7: error: use of undeclared identifier 'thisisanerror'
      thisisanerror;
      ^
1 error generated.
configure:4753: $? = 1
configure: failed program was:
| /* confdefs.h */
| #define PACKAGE_NAME "e2msa"
| #define PACKAGE_TARNAME "e2msa"
| #define PACKAGE_VERSION "0.1"
| #define PACKAGE_STRING "e2msa 0.1"
| #define PACKAGE_BUGREPORT "elenarivas@fas.harvard.edu"
| #define PACKAGE_URL ""
| #define E2MSA_DATE "MARCH 2017"
| #define E2MSA_COPYRIGHT "Copyright (C) 2017 Howard Hughes Medical Institute."
| #define E2MSA_LICENSE "Freely distributed under the GNU General Public License (GPLv3)."
| #define E2MSA_VERSION "0.1.0"
| #define E2MSA_URL "http://selab.org/"
| #define eslDEBUGLEVEL 0
| #define HAVE_PTHREAD 1
| /* end confdefs.h.  */
| 
| int
| main ()
| {
| 
| #if !(defined(__PATHCC__) || defined(__PATHSCALE__))
|       thisisanerror;
| #endif
| 
|   ;
|   return 0;
| }
configure:4753: gcc -c -g -O2  conftest.c >&5
configure:4753: $? = 0
configure:4760: result: gnu
configure:4769: checking for gcc option to accept ISO C99
configure:4918: gcc  -c -g -O2  conftest.c >&5
configure:4918: $? = 0
configure:4931: result: none needed
configure:5039: checking for gcc option to accept ISO Standard C
configure:5050: result: none needed
configure:5101: checking for ranlib
configure:5117: found /usr/bin/ranlib
configure:5128: result: ranlib
configure:5152: checking for ar
configure:5171: found /usr/bin/ar
configure:5184: result: /usr/bin/ar
configure:5193: checking whether you have a GNU make
configure:5204: result: yes, you do; and we assume you will use it!
configure:5247: checking for gcc option to produce PIC
configure:5333: result: -fno-common
configure:5828: checking for gzip
configure:5846: found /usr/bin/gzip
configure:5859: result: /usr/bin/gzip
configure:5938: checking for library containing clock_gettime
configure:5969: gcc -o conftest -g -O2   conftest.c  >&5
Undefined symbols for architecture x86_64:
  "_clock_gettime", referenced from:
      _main in conftest-b567f4.o
ld: symbol(s) not found for architecture x86_64
clang: error: linker command failed with exit code 1 (use -v to see invocation)
configure:5969: $? = 1
configure: failed program was:
| /* confdefs.h */
| #define PACKAGE_NAME "e2msa"
| #define PACKAGE_TARNAME "e2msa"
| #define PACKAGE_VERSION "0.1"
| #define PACKAGE_STRING "e2msa 0.1"
| #define PACKAGE_BUGREPORT "elenarivas@fas.harvard.edu"
| #define PACKAGE_URL ""
| #define E2MSA_DATE "MARCH 2017"
| #define E2MSA_COPYRIGHT "Copyright (C) 2017 Howard Hughes Medical Institute."
| #define E2MSA_LICENSE "Freely distributed under the GNU General Public License (GPLv3)."
| #define E2MSA_VERSION "0.1.0"
| #define E2MSA_URL "http://selab.org/"
| #define eslDEBUGLEVEL 0
| #define HAVE_PTHREAD 1
| #define HAVE_GZIP 1
| /* end confdefs.h.  */
| 
| /* Override any GCC internal prototype to avoid an error.
|    Use char because int might match the return type of a GCC
|    builtin and then its argument prototype would still apply.  */
| #ifdef __cplusplus
| extern "C"
| #endif
| char clock_gettime ();
| int
| main ()
| {
| return clock_gettime ();
|   ;
|   return 0;
| }
configure:5969: gcc -o conftest -g -O2   conftest.c -lrt   >&5
ld: library not found for -lrt
clang: error: linker command failed with exit code 1 (use -v to see invocation)
configure:5969: $? = 1
configure: failed program was:
| /* confdefs.h */
| #define PACKAGE_NAME "e2msa"
| #define PACKAGE_TARNAME "e2msa"
| #define PACKAGE_VERSION "0.1"
| #define PACKAGE_STRING "e2msa 0.1"
| #define PACKAGE_BUGREPORT "elenarivas@fas.harvard.edu"
| #define PACKAGE_URL ""
| #define E2MSA_DATE "MARCH 2017"
| #define E2MSA_COPYRIGHT "Copyright (C) 2017 Howard Hughes Medical Institute."
| #define E2MSA_LICENSE "Freely distributed under the GNU General Public License (GPLv3)."
| #define E2MSA_VERSION "0.1.0"
| #define E2MSA_URL "http://selab.org/"
| #define eslDEBUGLEVEL 0
| #define HAVE_PTHREAD 1
| #define HAVE_GZIP 1
| /* end confdefs.h.  */
| 
| /* Override any GCC internal prototype to avoid an error.
|    Use char because int might match the return type of a GCC
|    builtin and then its argument prototype would still apply.  */
| #ifdef __cplusplus
| extern "C"
| #endif
| char clock_gettime ();
| int
| main ()
| {
| return clock_gettime ();
|   ;
|   return 0;
| }
configure:5969: gcc -o conftest -g -O2   conftest.c -lposix4   >&5
ld: library not found for -lposix4
clang: error: linker command failed with exit code 1 (use -v to see invocation)
configure:5969: $? = 1
configure: failed program was:
| /* confdefs.h */
| #define PACKAGE_NAME "e2msa"
| #define PACKAGE_TARNAME "e2msa"
| #define PACKAGE_VERSION "0.1"
| #define PACKAGE_STRING "e2msa 0.1"
| #define PACKAGE_BUGREPORT "elenarivas@fas.harvard.edu"
| #define PACKAGE_URL ""
| #define E2MSA_DATE "MARCH 2017"
| #define E2MSA_COPYRIGHT "Copyright (C) 2017 Howard Hughes Medical Institute."
| #define E2MSA_LICENSE "Freely distributed under the GNU General Public License (GPLv3)."
| #define E2MSA_VERSION "0.1.0"
| #define E2MSA_URL "http://selab.org/"
| #define eslDEBUGLEVEL 0
| #define HAVE_PTHREAD 1
| #define HAVE_GZIP 1
| /* end confdefs.h.  */
| 
| /* Override any GCC internal prototype to avoid an error.
|    Use char because int might match the return type of a GCC
|    builtin and then its argument prototype would still apply.  */
| #ifdef __cplusplus
| extern "C"
| #endif
| char clock_gettime ();
| int
| main ()
| {
| return clock_gettime ();
|   ;
|   return 0;
| }
configure:5986: result: no
configure:5999: checking for grep that handles long lines and -e
configure:6057: result: /usr/bin/grep
configure:6062: checking for egrep
configure:6124: result: /usr/bin/grep -E
configure:6129: checking for ANSI C header files
configure:6149: gcc -c -g -O2  conftest.c >&5
configure:6149: $? = 0
configure:6222: gcc -o conftest -g -O2   conftest.c  >&5
configure:6222: $? = 0
configure:6222: ./conftest
configure:6222: $? = 0
configure:6233: result: yes
configure:6246: checking for sys/types.h
configure:6246: gcc -c -g -O2  conftest.c >&5
configure:6246: $? = 0
configure:6246: result: yes
configure:6246: checking for sys/stat.h
configure:6246: gcc -c -g -O2  conftest.c >&5
configure:6246: $? = 0
configure:6246: result: yes
configure:6246: checking for stdlib.h
configure:6246: gcc -c -g -O2  conftest.c >&5
configure:6246: $? = 0
configure:6246: result: yes
configure:6246: checking for string.h
configure:6246: gcc -c -g -O2  conftest.c >&5
configure:6246: $? = 0
configure:6246: result: yes
configure:6246: checking for memory.h
configure:6246: gcc -c -g -O2  conftest.c >&5
configure:6246: $? = 0
configure:6246: result: yes
configure:6246: checking for strings.h
configure:6246: gcc -c -g -O2  conftest.c >&5
configure:6246: $? = 0
configure:6246: result: yes
configure:6246: checking for inttypes.h
configure:6246: gcc -c -g -O2  conftest.c >&5
configure:6246: $? = 0
configure:6246: result: yes
configure:6246: checking for stdint.h
configure:6246: gcc -c -g -O2  conftest.c >&5
configure:6246: $? = 0
configure:6246: result: yes
configure:6246: checking for unistd.h
configure:6246: gcc -c -g -O2  conftest.c >&5
configure:6246: $? = 0
configure:6246: result: yes
configure:6261: checking for sys/types.h
configure:6261: result: yes
configure:6261: checking sys/sysctl.h usability
configure:6261: gcc -c -g -O2  conftest.c >&5
configure:6261: $? = 0
configure:6261: result: yes
configure:6261: checking sys/sysctl.h presence
configure:6261: gcc -E  conftest.c
configure:6261: $? = 0
configure:6261: result: yes
configure:6261: checking for sys/sysctl.h
configure:6261: result: yes
configure:6261: checking for unistd.h
configure:6261: result: yes
configure:6261: checking for stdint.h
configure:6261: result: yes
configure:6261: checking for inttypes.h
configure:6261: result: yes
configure:6261: checking endian.h usability
configure:6261: gcc -c -g -O2  conftest.c >&5
conftest.c:65:10: fatal error: 'endian.h' file not found
#include <endian.h>
         ^
1 error generated.
configure:6261: $? = 1
configure: failed program was:
| /* confdefs.h */
| #define PACKAGE_NAME "e2msa"
| #define PACKAGE_TARNAME "e2msa"
| #define PACKAGE_VERSION "0.1"
| #define PACKAGE_STRING "e2msa 0.1"
| #define PACKAGE_BUGREPORT "elenarivas@fas.harvard.edu"
| #define PACKAGE_URL ""
| #define E2MSA_DATE "MARCH 2017"
| #define E2MSA_COPYRIGHT "Copyright (C) 2017 Howard Hughes Medical Institute."
| #define E2MSA_LICENSE "Freely distributed under the GNU General Public License (GPLv3)."
| #define E2MSA_VERSION "0.1.0"
| #define E2MSA_URL "http://selab.org/"
| #define eslDEBUGLEVEL 0
| #define HAVE_PTHREAD 1
| #define HAVE_GZIP 1
| #define STDC_HEADERS 1
| #define HAVE_SYS_TYPES_H 1
| #define HAVE_SYS_STAT_H 1
| #define HAVE_STDLIB_H 1
| #define HAVE_STRING_H 1
| #define HAVE_MEMORY_H 1
| #define HAVE_STRINGS_H 1
| #define HAVE_INTTYPES_H 1
| #define HAVE_STDINT_H 1
| #define HAVE_UNISTD_H 1
| #define HAVE_SYS_TYPES_H 1
| #define HAVE_SYS_SYSCTL_H 1
| #define HAVE_UNISTD_H 1
| #define HAVE_STDINT_H 1
| #define HAVE_INTTYPES_H 1
| /* end confdefs.h.  */
| #include <stdio.h>
| #ifdef HAVE_SYS_TYPES_H
| # include <sys/types.h>
| #endif
| #ifdef HAVE_SYS_STAT_H
| # include <sys/stat.h>
| #endif
| #ifdef STDC_HEADERS
| # include <stdlib.h>
| # include <stddef.h>
| #else
| # ifdef HAVE_STDLIB_H
| #  include <stdlib.h>
| # endif
| #endif
| #ifdef HAVE_STRING_H
| # if !defined STDC_HEADERS && defined HAVE_MEMORY_H
| #  include <memory.h>
| # endif
| # include <string.h>
| #endif
| #ifdef HAVE_STRINGS_H
| # include <strings.h>
| #endif
| #ifdef HAVE_INTTYPES_H
| # include <inttypes.h>
| #endif
| #ifdef HAVE_STDINT_H
| # include <stdint.h>
| #endif
| #ifdef HAVE_UNISTD_H
| # include <unistd.h>
| #endif
| #include <endian.h>
configure:6261: result: no
configure:6261: checking endian.h presence
configure:6261: gcc -E  conftest.c
conftest.c:32:10: fatal error: 'endian.h' file not found
#include <endian.h>
         ^
1 error generated.
configure:6261: $? = 1
configure: failed program was:
| /* confdefs.h */
| #define PACKAGE_NAME "e2msa"
| #define PACKAGE_TARNAME "e2msa"
| #define PACKAGE_VERSION "0.1"
| #define PACKAGE_STRING "e2msa 0.1"
| #define PACKAGE_BUGREPORT "elenarivas@fas.harvard.edu"
| #define PACKAGE_URL ""
| #define E2MSA_DATE "MARCH 2017"
| #define E2MSA_COPYRIGHT "Copyright (C) 2017 Howard Hughes Medical Institute."
| #define E2MSA_LICENSE "Freely distributed under the GNU General Public License (GPLv3)."
| #define E2MSA_VERSION "0.1.0"
| #define E2MSA_URL "http://selab.org/"
| #define eslDEBUGLEVEL 0
| #define HAVE_PTHREAD 1
| #define HAVE_GZIP 1
| #define STDC_HEADERS 1
| #define HAVE_SYS_TYPES_H 1
| #define HAVE_SYS_STAT_H 1
| #define HAVE_STDLIB_H 1
| #define HAVE_STRING_H 1
| #define HAVE_MEMORY_H 1
| #define HAVE_STRINGS_H 1
| #define HAVE_INTTYPES_H 1
| #define HAVE_STDINT_H 1
| #define HAVE_UNISTD_H 1
| #define HAVE_SYS_TYPES_H 1
| #define HAVE_SYS_SYSCTL_H 1
| #define HAVE_UNISTD_H 1
| #define HAVE_STDINT_H 1
| #define HAVE_INTTYPES_H 1
| /* end confdefs.h.  */
| #include <endian.h>
configure:6261: result: no
configure:6261: checking for endian.h
configure:6261: result: no
configure:6305: checking whether byte ordering is bigendian
configure:6320: gcc -c -g -O2  conftest.c >&5
configure:6320: $? = 0
configure:6365: gcc -c -g -O2  conftest.c >&5
configure:6365: $? = 0
configure:6383: gcc -c -g -O2  conftest.c >&5
conftest.c:39:4: error: use of undeclared identifier 'not'
                 not big endian
                 ^
1 error generated.
configure:6383: $? = 1
configure: failed program was:
| /* confdefs.h */
| #define PACKAGE_NAME "e2msa"
| #define PACKAGE_TARNAME "e2msa"
| #define PACKAGE_VERSION "0.1"
| #define PACKAGE_STRING "e2msa 0.1"
| #define PACKAGE_BUGREPORT "elenarivas@fas.harvard.edu"
| #define PACKAGE_URL ""
| #define E2MSA_DATE "MARCH 2017"
| #define E2MSA_COPYRIGHT "Copyright (C) 2017 Howard Hughes Medical Institute."
| #define E2MSA_LICENSE "Freely distributed under the GNU General Public License (GPLv3)."
| #define E2MSA_VERSION "0.1.0"
| #define E2MSA_URL "http://selab.org/"
| #define eslDEBUGLEVEL 0
| #define HAVE_PTHREAD 1
| #define HAVE_GZIP 1
| #define STDC_HEADERS 1
| #define HAVE_SYS_TYPES_H 1
| #define HAVE_SYS_STAT_H 1
| #define HAVE_STDLIB_H 1
| #define HAVE_STRING_H 1
| #define HAVE_MEMORY_H 1
| #define HAVE_STRINGS_H 1
| #define HAVE_INTTYPES_H 1
| #define HAVE_STDINT_H 1
| #define HAVE_UNISTD_H 1
| #define HAVE_SYS_TYPES_H 1
| #define HAVE_SYS_SYSCTL_H 1
| #define HAVE_UNISTD_H 1
| #define HAVE_STDINT_H 1
| #define HAVE_INTTYPES_H 1
| /* end confdefs.h.  */
| #include <sys/types.h>
| 		#include <sys/param.h>
| 
| int
| main ()
| {
| #if BYTE_ORDER != BIG_ENDIAN
| 		 not big endian
| 		#endif
| 
|   ;
|   return 0;
| }
configure:6511: result: no
configure:6529: checking for uint8_t
configure:6529: gcc -c -g -O2  conftest.c >&5
configure:6529: $? = 0
configure:6529: result: yes
configure:6543: checking for uint16_t
configure:6543: gcc -c -g -O2  conftest.c >&5
configure:6543: $? = 0
configure:6543: result: yes
configure:6555: checking for uint32_t
configure:6555: gcc -c -g -O2  conftest.c >&5
configure:6555: $? = 0
configure:6555: result: yes
configure:6569: checking for uint64_t
configure:6569: gcc -c -g -O2  conftest.c >&5
configure:6569: $? = 0
configure:6569: result: yes
configure:6583: checking for off_t
configure:6583: gcc -c -g -O2  conftest.c >&5
configure:6583: $? = 0
configure:6583: gcc -c -g -O2  conftest.c >&5
conftest.c:68:20: error: expected expression
if (sizeof ((off_t)))
                   ^
1 error generated.
configure:6583: $? = 1
configure: failed program was:
| /* confdefs.h */
| #define PACKAGE_NAME "e2msa"
| #define PACKAGE_TARNAME "e2msa"
| #define PACKAGE_VERSION "0.1"
| #define PACKAGE_STRING "e2msa 0.1"
| #define PACKAGE_BUGREPORT "elenarivas@fas.harvard.edu"
| #define PACKAGE_URL ""
| #define E2MSA_DATE "MARCH 2017"
| #define E2MSA_COPYRIGHT "Copyright (C) 2017 Howard Hughes Medical Institute."
| #define E2MSA_LICENSE "Freely distributed under the GNU General Public License (GPLv3)."
| #define E2MSA_VERSION "0.1.0"
| #define E2MSA_URL "http://selab.org/"
| #define eslDEBUGLEVEL 0
| #define HAVE_PTHREAD 1
| #define HAVE_GZIP 1
| #define STDC_HEADERS 1
| #define HAVE_SYS_TYPES_H 1
| #define HAVE_SYS_STAT_H 1
| #define HAVE_STDLIB_H 1
| #define HAVE_STRING_H 1
| #define HAVE_MEMORY_H 1
| #define HAVE_STRINGS_H 1
| #define HAVE_INTTYPES_H 1
| #define HAVE_STDINT_H 1
| #define HAVE_UNISTD_H 1
| #define HAVE_SYS_TYPES_H 1
| #define HAVE_SYS_SYSCTL_H 1
| #define HAVE_UNISTD_H 1
| #define HAVE_STDINT_H 1
| #define HAVE_INTTYPES_H 1
| /* end confdefs.h.  */
| #include <stdio.h>
| #ifdef HAVE_SYS_TYPES_H
| # include <sys/types.h>
| #endif
| #ifdef HAVE_SYS_STAT_H
| # include <sys/stat.h>
| #endif
| #ifdef STDC_HEADERS
| # include <stdlib.h>
| # include <stddef.h>
| #else
| # ifdef HAVE_STDLIB_H
| #  include <stdlib.h>
| # endif
| #endif
| #ifdef HAVE_STRING_H
| # if !defined STDC_HEADERS && defined HAVE_MEMORY_H
| #  include <memory.h>
| # endif
| # include <string.h>
| #endif
| #ifdef HAVE_STRINGS_H
| # include <strings.h>
| #endif
| #ifdef HAVE_INTTYPES_H
| # include <inttypes.h>
| #endif
| #ifdef HAVE_STDINT_H
| # include <stdint.h>
| #endif
| #ifdef HAVE_UNISTD_H
| # include <unistd.h>
| #endif
| int
| main ()
| {
| if (sizeof ((off_t)))
| 	    return 0;
|   ;
|   return 0;
| }
configure:6583: result: yes
configure:6616: checking for __attribute__((noreturn))
configure:6637: gcc -o conftest -g -O2   conftest.c  >&5
configure:6637: $? = 0
configure:6650: result: yes
configure:6672: checking for mkstemp
configure:6672: gcc -o conftest -g -O2   conftest.c  >&5
configure:6672: $? = 0
configure:6672: result: yes
configure:6683: checking for popen
configure:6683: gcc -o conftest -g -O2   conftest.c  >&5
configure:6683: $? = 0
configure:6683: result: yes
configure:6694: checking for strcasecmp
configure:6694: gcc -o conftest -g -O2   conftest.c  >&5
conftest.c:58:6: warning: incompatible redeclaration of library function 'strcasecmp' [-Wincompatible-library-redeclaration]
char strcasecmp ();
     ^
conftest.c:58:6: note: 'strcasecmp' is a builtin with type 'int (const char *, const char *)'
1 warning generated.
configure:6694: $? = 0
configure:6694: result: yes
configure:6705: checking for times
configure:6705: gcc -o conftest -g -O2   conftest.c  >&5
configure:6705: $? = 0
configure:6705: result: yes
configure:6716: checking for getpid
configure:6716: gcc -o conftest -g -O2   conftest.c  >&5
configure:6716: $? = 0
configure:6716: result: yes
configure:6727: checking for sysctl
configure:6727: gcc -o conftest -g -O2   conftest.c  >&5
configure:6727: $? = 0
configure:6727: result: yes
configure:6738: checking for sysconf
configure:6738: gcc -o conftest -g -O2   conftest.c  >&5
configure:6738: $? = 0
configure:6738: result: yes
configure:6749: checking for getcwd
configure:6749: gcc -o conftest -g -O2   conftest.c  >&5
configure:6749: $? = 0
configure:6749: result: yes
configure:6760: checking for stat
configure:6760: gcc -o conftest -g -O2   conftest.c  >&5
configure:6760: $? = 0
configure:6760: result: yes
configure:6771: checking for fstat
configure:6771: gcc -o conftest -g -O2   conftest.c  >&5
configure:6771: $? = 0
configure:6771: result: yes
configure:6783: checking for ntohs
configure:6783: gcc -o conftest -g -O2   conftest.c  >&5
configure:6783: $? = 0
configure:6783: result: yes
configure:6840: checking for ntohl
configure:6840: gcc -o conftest -g -O2   conftest.c  >&5
configure:6840: $? = 0
configure:6840: result: yes
configure:6897: checking for htons
configure:6897: gcc -o conftest -g -O2   conftest.c  >&5
configure:6897: $? = 0
configure:6897: result: yes
configure:6954: checking for htonl
configure:6954: gcc -o conftest -g -O2   conftest.c  >&5
configure:6954: $? = 0
configure:6954: result: yes
configure:7009: checking for _LARGEFILE_SOURCE value needed for large files
configure:7028: gcc -o conftest -g -O2   conftest.c  >&5
configure:7028: $? = 0
configure:7056: result: no
configure:7088: checking for special C compiler options needed for large files
configure:7133: result: no
configure:7139: checking for _FILE_OFFSET_BITS value needed for large files
configure:7164: gcc -c -g -O2  conftest.c >&5
configure:7164: $? = 0
configure:7196: result: no
configure:7417: creating ./config.status

## ---------------------- ##
## Running config.status. ##
## ---------------------- ##

This file was extended by e2msa config.status 0.1, which was
generated by GNU Autoconf 2.69.  Invocation command line was

  CONFIG_FILES    = 
  CONFIG_HEADERS  = 
  CONFIG_LINKS    = 
  CONFIG_COMMANDS = 
  $ ./config.status 

on rivase-lm3.local

config.status:866: creating Makefile
config.status:866: creating src/Makefile
config.status:866: creating lib/hmmer/lib/easel/Makefile
config.status:866: creating lib/hmmer/Makefile
config.status:866: creating src/e2_config.h
config.status:1041: src/e2_config.h is unchanged
config.status:866: creating lib/hmmer/src/p7_config.h
config.status:866: creating lib/hmmer/lib/easel/esl_config.h
configure:8652: === configuring in lib/hmmer/lib/easel (/Users/rivase/src/src/mysource/versions/e2msa/e2msa_v0.1/lib/hmmer/lib/easel)
configure:8715: running /bin/sh ./configure --disable-option-checking '--prefix=/Users/rivase/src/src/mysource/versions/e2msa/e2msa_v0.1'  --cache-file=/dev/null --srcdir=.
configure:8652: === configuring in lib/hmmer (/Users/rivase/src/src/mysource/versions/e2msa/e2msa_v0.1/lib/hmmer)
configure:8715: running /bin/sh ./configure --disable-option-checking '--prefix=/Users/rivase/src/src/mysource/versions/e2msa/e2msa_v0.1'  --cache-file=/dev/null --srcdir=.

## ---------------- ##
## Cache variables. ##
## ---------------- ##

ac_cv_build=i686-apple-darwin14.5.0
ac_cv_c_bigendian=no
ac_cv_c_compiler_gnu=yes
ac_cv_c_uint16_t=yes
ac_cv_c_uint32_t=yes
ac_cv_c_uint64_t=yes
ac_cv_c_uint8_t=yes
ac_cv_env_CC_set=
ac_cv_env_CC_value=
ac_cv_env_CFLAGS_set=
ac_cv_env_CFLAGS_value=
ac_cv_env_CPPFLAGS_set=
ac_cv_env_CPPFLAGS_value=
ac_cv_env_CPP_set=
ac_cv_env_CPP_value=
ac_cv_env_LDFLAGS_set=
ac_cv_env_LDFLAGS_value=
ac_cv_env_LIBS_set=
ac_cv_env_LIBS_value=
ac_cv_env_MPICC_set=
ac_cv_env_MPICC_value=
ac_cv_env_PIC_FLAGS_set=
ac_cv_env_PIC_FLAGS_value=
ac_cv_env_build_alias_set=
ac_cv_env_build_alias_value=
ac_cv_env_host_alias_set=
ac_cv_env_host_alias_value=
ac_cv_env_target_alias_set=
ac_cv_env_target_alias_value=
ac_cv_func_fstat=yes
ac_cv_func_getcwd=yes
ac_cv_func_getpid=yes
ac_cv_func_htonl=yes
ac_cv_func_htons=yes
ac_cv_func_mkstemp=yes
ac_cv_func_ntohl=yes
ac_cv_func_ntohs=yes
ac_cv_func_popen=yes
ac_cv_func_stat=yes
ac_cv_func_strcasecmp=yes
ac_cv_func_sysconf=yes
ac_cv_func_sysctl=yes
ac_cv_func_times=yes
ac_cv_header_endian_h=no
ac_cv_header_inttypes_h=yes
ac_cv_header_memory_h=yes
ac_cv_header_stdc=yes
ac_cv_header_stdint_h=yes
ac_cv_header_stdlib_h=yes
ac_cv_header_string_h=yes
ac_cv_header_strings_h=yes
ac_cv_header_sys_stat_h=yes
ac_cv_header_sys_sysctl_h=yes
ac_cv_header_sys_types_h=yes
ac_cv_header_unistd_h=yes
ac_cv_host=i686-apple-darwin14.5.0
ac_cv_objext=o
ac_cv_path_AR=/usr/bin/ar
ac_cv_path_EGREP='/usr/bin/grep -E'
ac_cv_path_GREP=/usr/bin/grep
ac_cv_path_HAVE_GZIP=/usr/bin/gzip
ac_cv_path_install='/usr/bin/install -c'
ac_cv_prog_CPP='gcc -E'
ac_cv_prog_PTHREAD_CC=gcc
ac_cv_prog_ac_ct_CC=gcc
ac_cv_prog_ac_ct_RANLIB=ranlib
ac_cv_prog_cc_c89=
ac_cv_prog_cc_c99=
ac_cv_prog_cc_g=yes
ac_cv_prog_cc_stdc=
ac_cv_search_clock_gettime=no
ac_cv_sys_file_offset_bits=no
ac_cv_sys_largefile_CC=no
ac_cv_sys_largefile_source=no
ac_cv_type_off_t=yes
ax_cv_c_compiler_vendor=gnu
ax_cv_have_func_attribute_noreturn=yes

## ----------------- ##
## Output variables. ##
## ----------------- ##

AR='/usr/bin/ar'
CC='gcc'
CFLAGS='-g -O2'
CPP='gcc -E'
CPPFLAGS=''
DEFS='-DHAVE_CONFIG_H'
E2MSA_COPYRIGHT='Copyright (C) 2017 Howard Hughes Medical Institute.'
E2MSA_DATE='MARCH 2017'
E2MSA_ESLDIR='lib/hmmer/lib/easel'
E2MSA_HMMERDIR='lib/hmmer/src'
E2MSA_LICENSE='Freely distributed under the GNU General Public License (GPLv3).'
E2MSA_SADIR='lib/hmmer/lib/libdivsufsort'
E2MSA_URL='http://selab.org/'
E2MSA_VERSION='0.1.0'
ECHO_C='\c'
ECHO_N=''
ECHO_T=''
EGREP='/usr/bin/grep -E'
EXEC_DEPENDENCY='%: %.o'
EXEEXT=''
GREP='/usr/bin/grep'
HAVE_GZIP='/usr/bin/gzip'
INSTALL_DATA='${INSTALL} -m 644'
INSTALL_PROGRAM='${INSTALL}'
INSTALL_SCRIPT='${INSTALL}'
LDFLAGS=''
LIBGSL=''
LIBOBJS=''
LIBS=''
LTLIBOBJS=''
MPICC=''
MPILIBS=''
MPI_BENCHMARKS=''
MPI_UTESTS=''
OBJEXT='o'
PACKAGE_BUGREPORT='elenarivas@fas.harvard.edu'
PACKAGE_NAME='e2msa'
PACKAGE_STRING='e2msa 0.1'
PACKAGE_TARNAME='e2msa'
PACKAGE_URL=''
PACKAGE_VERSION='0.1'
PATH_SEPARATOR=':'
PIC_FLAGS='-fno-common'
PTHREAD_CC='gcc'
PTHREAD_CFLAGS=''
PTHREAD_LIBS=''
RANLIB='ranlib'
SHELL='/bin/sh'
ac_ct_CC='gcc'
acx_pthread_config=''
bindir='${exec_prefix}/bin'
build='i686-apple-darwin14.5.0'
build_alias=''
build_cpu='i686'
build_os='darwin14.5.0'
build_vendor='apple'
datadir='${datarootdir}'
datarootdir='${prefix}/share'
docdir='${datarootdir}/doc/${PACKAGE_TARNAME}'
dvidir='${docdir}'
exec_prefix='${prefix}'
host='i686-apple-darwin14.5.0'
host_alias=''
host_cpu='i686'
host_os='darwin14.5.0'
host_vendor='apple'
htmldir='${docdir}'
includedir='${prefix}/include'
infodir='${datarootdir}/info'
libdir='${exec_prefix}/lib'
libexecdir='${exec_prefix}/libexec'
localedir='${datarootdir}/locale'
localstatedir='${prefix}/var'
mandir='${datarootdir}/man'
oldincludedir='/usr/include'
pdfdir='${docdir}'
prefix='/Users/rivase/src/src/mysource/versions/e2msa/e2msa_v0.1'
program_transform_name='s,x,x,'
psdir='${docdir}'
sbindir='${exec_prefix}/sbin'
sharedstatedir='${prefix}/com'
subdirs=' lib/hmmer/lib/easel lib/hmmer'
sysconfdir='${prefix}/etc'
target_alias=''

## ----------- ##
## confdefs.h. ##
## ----------- ##

/* confdefs.h */
#define PACKAGE_NAME "e2msa"
#define PACKAGE_TARNAME "e2msa"
#define PACKAGE_VERSION "0.1"
#define PACKAGE_STRING "e2msa 0.1"
#define PACKAGE_BUGREPORT "elenarivas@fas.harvard.edu"
#define PACKAGE_URL ""
#define E2MSA_DATE "MARCH 2017"
#define E2MSA_COPYRIGHT "Copyright (C) 2017 Howard Hughes Medical Institute."
#define E2MSA_LICENSE "Freely distributed under the GNU General Public License (GPLv3)."
#define E2MSA_VERSION "0.1.0"
#define E2MSA_URL "http://selab.org/"
#define eslDEBUGLEVEL 0
#define HAVE_PTHREAD 1
#define HAVE_GZIP 1
#define STDC_HEADERS 1
#define HAVE_SYS_TYPES_H 1
#define HAVE_SYS_STAT_H 1
#define HAVE_STDLIB_H 1
#define HAVE_STRING_H 1
#define HAVE_MEMORY_H 1
#define HAVE_STRINGS_H 1
#define HAVE_INTTYPES_H 1
#define HAVE_STDINT_H 1
#define HAVE_UNISTD_H 1
#define HAVE_SYS_TYPES_H 1
#define HAVE_SYS_SYSCTL_H 1
#define HAVE_UNISTD_H 1
#define HAVE_STDINT_H 1
#define HAVE_INTTYPES_H 1
#define HAVE_FUNC_ATTRIBUTE_NORETURN 1
#define HAVE_MKSTEMP 1
#define HAVE_POPEN 1
#define HAVE_STRCASECMP 1
#define HAVE_TIMES 1
#define HAVE_GETPID 1
#define HAVE_SYSCTL 1
#define HAVE_SYSCONF 1
#define HAVE_GETCWD 1
#define HAVE_STAT 1
#define HAVE_FSTAT 1
#define HAVE_NTOHS 1
#define HAVE_NTOHL 1
#define HAVE_HTONS 1
#define HAVE_HTONL 1
#define HAVE_FSEEKO 1

configure: exit 0
