This file contains any messages produced by compilers while
running configure, to aid debugging if configure makes a mistake.

It was created by squid-extracted-from-Infernal configure 0.7, which was
generated by GNU Autoconf 2.65.  Invocation command line was

  $ ./configure --disable-option-checking --prefix=/usr/local --cache-file=/dev/null --srcdir=.

## --------- ##
## Platform. ##
## --------- ##

hostname = dhcp-140-247-92-106.fas.harvard.edu
uname -m = x86_64
uname -r = 13.4.0
uname -s = Darwin
uname -v = Darwin Kernel Version 13.4.0: Wed Mar 18 16:20:14 PDT 2015; root:xnu-2422.115.14~1/RELEASE_X86_64

/usr/bin/uname -p = i386
/bin/uname -X     = unknown

/bin/arch              = unknown
/usr/bin/arch -k       = unknown
/usr/convex/getsysinfo = unknown
/usr/bin/hostinfo      = Mach kernel version:
	 Darwin Kernel Version 13.4.0: Wed Mar 18 16:20:14 PDT 2015; root:xnu-2422.115.14~1/RELEASE_X86_64
Kernel configured for up to 8 processors.
4 processors are physically available.
8 processors are logically available.
Processor type: i486 (Intel 80486)
Processors active: 0 1 2 3 4 5 6 7
Primary memory available: 32.00 gigabytes
Default processor set: 213 tasks, 1081 threads, 8 processors
Load average: 3.19, Mach factor: 4.80
/bin/machine           = unknown
/usr/bin/oslevel       = unknown
/bin/universe          = unknown

PATH: /usr/kerberos/bin
PATH: /usr/local/bin
PATH: /bin
PATH: /usr/bin
PATH: /usr/local/gnuplot-4.6.0/bin
PATH: /usr/X11R6/bin
PATH: /usr/sbin
PATH: /Users/erivas/bin
PATH: /usr/local/mfold/bin
PATH: /usr/texbin
PATH: /Applications/MacPorts/Emacs.app/Contents/MacOS
PATH: /opt/local/bin
PATH: /opt/local/sbin
PATH: /opt/local/bin
PATH: /opt/local/sbin
PATH: /bin
PATH: /sbin
PATH: /usr/bin
PATH: /usr/sbin
PATH: /usr/local/bin


## ----------- ##
## Core tests. ##
## ----------- ##

configure:2036: Welcome. Configuring Squid part of Infernal for your system.
configure:2116: checking for gcc
configure:2132: found /usr/bin/gcc
configure:2143: result: gcc
configure:2372: checking for C compiler version
configure:2381: gcc --version >&5
Apple LLVM version 6.0 (clang-600.0.57) (based on LLVM 3.5svn)
Target: x86_64-apple-darwin13.4.0
Thread model: posix
Configured with: --prefix=/Applications/Xcode.app/Contents/Developer/usr --with-gxx-include-dir=/usr/include/c++/4.2.1
configure:2392: $? = 0
configure:2381: gcc -v >&5
Configured with: --prefix=/Applications/Xcode.app/Contents/Developer/usr --with-gxx-include-dir=/usr/include/c++/4.2.1
Apple LLVM version 6.0 (clang-600.0.57) (based on LLVM 3.5svn)
Target: x86_64-apple-darwin13.4.0
Thread model: posix
configure:2392: $? = 0
configure:2381: gcc -V >&5
clang: error: argument to '-V' is missing (expected 1 value)
clang: error: no input files
configure:2392: $? = 1
configure:2381: gcc -qversion >&5
clang: error: unknown argument: '-qversion'
clang: error: no input files
configure:2392: $? = 1
configure:2412: checking whether the C compiler works
configure:2434: gcc    conftest.c  >&5
configure:2438: $? = 0
configure:2487: result: yes
configure:2490: checking for C compiler default output file name
configure:2492: result: a.out
configure:2498: checking for suffix of executables
configure:2505: gcc -o conftest    conftest.c  >&5
configure:2509: $? = 0
configure:2531: result: 
configure:2553: checking whether we are cross compiling
configure:2561: gcc -o conftest    conftest.c  >&5
configure:2565: $? = 0
configure:2572: ./conftest
configure:2576: $? = 0
configure:2591: result: no
configure:2596: checking for suffix of object files
configure:2618: gcc -c   conftest.c >&5
configure:2622: $? = 0
configure:2643: result: o
configure:2647: checking whether we are using the GNU C compiler
configure:2666: gcc -c   conftest.c >&5
configure:2666: $? = 0
configure:2675: result: yes
configure:2684: checking whether gcc accepts -g
configure:2704: gcc -c -g  conftest.c >&5
configure:2704: $? = 0
configure:2745: result: yes
configure:2762: checking for gcc option to accept ISO C89
configure:2826: gcc  -c -g -O2  conftest.c >&5
configure:2826: $? = 0
configure:2839: result: none needed
configure:2917: checking for g++
configure:2933: found /usr/bin/g++
configure:2944: result: g++
configure:2971: checking for C++ compiler version
configure:2980: g++ --version >&5
Apple LLVM version 6.0 (clang-600.0.57) (based on LLVM 3.5svn)
Target: x86_64-apple-darwin13.4.0
Thread model: posix
Configured with: --prefix=/Applications/Xcode.app/Contents/Developer/usr --with-gxx-include-dir=/usr/include/c++/4.2.1
configure:2991: $? = 0
configure:2980: g++ -v >&5
Configured with: --prefix=/Applications/Xcode.app/Contents/Developer/usr --with-gxx-include-dir=/usr/include/c++/4.2.1
Apple LLVM version 6.0 (clang-600.0.57) (based on LLVM 3.5svn)
Target: x86_64-apple-darwin13.4.0
Thread model: posix
configure:2991: $? = 0
configure:2980: g++ -V >&5
clang: error: argument to '-V' is missing (expected 1 value)
clang: error: no input files
configure:2991: $? = 1
configure:2980: g++ -qversion >&5
clang: error: unknown argument: '-qversion'
clang: error: no input files
configure:2991: $? = 1
configure:2995: checking whether we are using the GNU C++ compiler
configure:3014: g++ -c   conftest.cpp >&5
configure:3014: $? = 0
configure:3023: result: yes
configure:3032: checking whether g++ accepts -g
configure:3052: g++ -c -g  conftest.cpp >&5
configure:3052: $? = 0
configure:3093: result: yes
configure:3159: checking for ranlib
configure:3175: found /usr/bin/ranlib
configure:3186: result: ranlib
configure:3210: checking for ar
configure:3229: found /usr/bin/ar
configure:3242: result: /usr/bin/ar
configure:3260: checking whether your make is GNU make
configure:3268: result: yes, it is.
configure:3371: checking how to run the C preprocessor
configure:3402: gcc -E  conftest.c
configure:3402: $? = 0
configure:3416: gcc -E  conftest.c
conftest.c:12:10: fatal error: 'ac_nonexistent.h' file not found
#include <ac_nonexistent.h>
         ^
1 error generated.
configure:3416: $? = 1
configure: failed program was:
| /* confdefs.h */
| #define PACKAGE_NAME "squid-extracted-from-Infernal"
| #define PACKAGE_TARNAME "infernal-squid"
| #define PACKAGE_VERSION "0.7"
| #define PACKAGE_STRING "squid-extracted-from-Infernal 0.7"
| #define PACKAGE_BUGREPORT "zasha.weinberg@yale.edu"
| #define PACKAGE_URL ""
| #define PACKAGE_DATE "December 2005"
| #define PACKAGE_COPYRIGHT "Copyright (C) 2001-2005 HHMI/Washington University School of Medicine"
| #define PACKAGE_LICENSE "Freely distributed under the GNU General Public License (GPL)"
| /* end confdefs.h.  */
| #include <ac_nonexistent.h>
configure:3441: result: gcc -E
configure:3461: gcc -E  conftest.c
configure:3461: $? = 0
configure:3475: gcc -E  conftest.c
conftest.c:12:10: fatal error: 'ac_nonexistent.h' file not found
#include <ac_nonexistent.h>
         ^
1 error generated.
configure:3475: $? = 1
configure: failed program was:
| /* confdefs.h */
| #define PACKAGE_NAME "squid-extracted-from-Infernal"
| #define PACKAGE_TARNAME "infernal-squid"
| #define PACKAGE_VERSION "0.7"
| #define PACKAGE_STRING "squid-extracted-from-Infernal 0.7"
| #define PACKAGE_BUGREPORT "zasha.weinberg@yale.edu"
| #define PACKAGE_URL ""
| #define PACKAGE_DATE "December 2005"
| #define PACKAGE_COPYRIGHT "Copyright (C) 2001-2005 HHMI/Washington University School of Medicine"
| #define PACKAGE_LICENSE "Freely distributed under the GNU General Public License (GPL)"
| /* end confdefs.h.  */
| #include <ac_nonexistent.h>
configure:3504: checking for grep that handles long lines and -e
configure:3562: result: /usr/bin/grep
configure:3567: checking for egrep
configure:3629: result: /usr/bin/grep -E
configure:3634: checking for ANSI C header files
configure:3654: gcc -c -g -O2  conftest.c >&5
configure:3654: $? = 0
configure:3727: gcc -o conftest -g -O2   conftest.c  >&5
configure:3727: $? = 0
configure:3727: ./conftest
configure:3727: $? = 0
configure:3738: result: yes
configure:3751: checking for sys/types.h
configure:3751: gcc -c -g -O2  conftest.c >&5
configure:3751: $? = 0
configure:3751: result: yes
configure:3751: checking for sys/stat.h
configure:3751: gcc -c -g -O2  conftest.c >&5
configure:3751: $? = 0
configure:3751: result: yes
configure:3751: checking for stdlib.h
configure:3751: gcc -c -g -O2  conftest.c >&5
configure:3751: $? = 0
configure:3751: result: yes
configure:3751: checking for string.h
configure:3751: gcc -c -g -O2  conftest.c >&5
configure:3751: $? = 0
configure:3751: result: yes
configure:3751: checking for memory.h
configure:3751: gcc -c -g -O2  conftest.c >&5
configure:3751: $? = 0
configure:3751: result: yes
configure:3751: checking for strings.h
configure:3751: gcc -c -g -O2  conftest.c >&5
configure:3751: $? = 0
configure:3751: result: yes
configure:3751: checking for inttypes.h
configure:3751: gcc -c -g -O2  conftest.c >&5
configure:3751: $? = 0
configure:3751: result: yes
configure:3751: checking for stdint.h
configure:3751: gcc -c -g -O2  conftest.c >&5
configure:3751: $? = 0
configure:3751: result: yes
configure:3751: checking for unistd.h
configure:3751: gcc -c -g -O2  conftest.c >&5
configure:3751: $? = 0
configure:3751: result: yes
configure:3766: checking for working alloca.h
configure:3783: gcc -o conftest -g -O2   conftest.c  >&5
configure:3783: $? = 0
configure:3791: result: yes
configure:3799: checking for alloca
configure:3836: gcc -o conftest -g -O2   conftest.c  >&5
configure:3836: $? = 0
configure:3844: result: yes
configure:3956: checking for sqrt in -lm
configure:3981: gcc -o conftest -g -O2   conftest.c -lm   >&5
conftest.c:31:6: warning: incompatible redeclaration of library function 'sqrt' [-Wincompatible-library-redeclaration]
char sqrt ();
     ^
conftest.c:31:6: note: 'sqrt' is a builtin with type 'double (double)'
1 warning generated.
configure:3981: $? = 0
configure:3990: result: yes
configure:4167: creating ./config.status

## ---------------------- ##
## Running config.status. ##
## ---------------------- ##

This file was extended by squid-extracted-from-Infernal config.status 0.7, which was
generated by GNU Autoconf 2.65.  Invocation command line was

  CONFIG_FILES    = 
  CONFIG_HEADERS  = 
  CONFIG_LINKS    = 
  CONFIG_COMMANDS = 
  $ ./config.status 

on dhcp-140-247-92-106.fas.harvard.edu

config.status:741: creating Makefile
configure:5232: === configuring in squid (/Users/erivas/src/src/mysource/lib/R2R/NotbyZasha/infernal-0.7/squid)
configure:5295: running /bin/sh ./configure --disable-option-checking '--prefix=/usr/local'  --cache-file=/dev/null --srcdir=.

## ---------------- ##
## Cache variables. ##
## ---------------- ##

ac_cv_c_compiler_gnu=yes
ac_cv_cxx_compiler_gnu=yes
ac_cv_env_CCC_set=
ac_cv_env_CCC_value=
ac_cv_env_CC_set=
ac_cv_env_CC_value=
ac_cv_env_CFLAGS_set=
ac_cv_env_CFLAGS_value=
ac_cv_env_CPPFLAGS_set=
ac_cv_env_CPPFLAGS_value=
ac_cv_env_CPP_set=
ac_cv_env_CPP_value=
ac_cv_env_CXXFLAGS_set=
ac_cv_env_CXXFLAGS_value=
ac_cv_env_CXX_set=
ac_cv_env_CXX_value=
ac_cv_env_LDFLAGS_set=
ac_cv_env_LDFLAGS_value=
ac_cv_env_LIBS_set=
ac_cv_env_LIBS_value=
ac_cv_env_build_alias_set=
ac_cv_env_build_alias_value=
ac_cv_env_host_alias_set=
ac_cv_env_host_alias_value=
ac_cv_env_target_alias_set=
ac_cv_env_target_alias_value=
ac_cv_func_alloca_works=yes
ac_cv_header_inttypes_h=yes
ac_cv_header_memory_h=yes
ac_cv_header_stdc=yes
ac_cv_header_stdint_h=yes
ac_cv_header_stdlib_h=yes
ac_cv_header_string_h=yes
ac_cv_header_strings_h=yes
ac_cv_header_sys_stat_h=yes
ac_cv_header_sys_types_h=yes
ac_cv_header_unistd_h=yes
ac_cv_lib_m_sqrt=yes
ac_cv_objext=o
ac_cv_path_AR=/usr/bin/ar
ac_cv_path_EGREP='/usr/bin/grep -E'
ac_cv_path_GREP=/usr/bin/grep
ac_cv_prog_CPP='gcc -E'
ac_cv_prog_ac_ct_CC=gcc
ac_cv_prog_ac_ct_CXX=g++
ac_cv_prog_ac_ct_RANLIB=ranlib
ac_cv_prog_cc_c89=
ac_cv_prog_cc_g=yes
ac_cv_prog_cxx_g=yes
ac_cv_working_alloca_h=yes

## ----------------- ##
## Output variables. ##
## ----------------- ##

ALLOCA=''
AR='/usr/bin/ar'
CC='gcc'
CFLAGS='-g -O2'
CPP='gcc -E'
CPPFLAGS=''
CXX='g++'
CXXFLAGS='-g -O2'
DEFS='-DPACKAGE_NAME=\"squid-extracted-from-Infernal\" -DPACKAGE_TARNAME=\"infernal-squid\" -DPACKAGE_VERSION=\"0.7\" -DPACKAGE_STRING=\"squid-extracted-from-Infernal\ 0.7\" -DPACKAGE_BUGREPORT=\"zasha.weinberg@yale.edu\" -DPACKAGE_URL=\"\" -DPACKAGE_DATE=\"December\ 2005\" -DPACKAGE_COPYRIGHT=\"Copyright\ \(C\)\ 2001-2005\ HHMI/Washington\ University\ School\ of\ Medicine\" -DPACKAGE_LICENSE=\"Freely\ distributed\ under\ the\ GNU\ General\ Public\ License\ \(GPL\)\" -DSTDC_HEADERS=1 -DHAVE_SYS_TYPES_H=1 -DHAVE_SYS_STAT_H=1 -DHAVE_STDLIB_H=1 -DHAVE_STRING_H=1 -DHAVE_MEMORY_H=1 -DHAVE_STRINGS_H=1 -DHAVE_INTTYPES_H=1 -DHAVE_STDINT_H=1 -DHAVE_UNISTD_H=1 -DHAVE_ALLOCA_H=1 -DHAVE_ALLOCA=1'
ECHO_C='\c'
ECHO_N=''
ECHO_T=''
EGREP='/usr/bin/grep -E'
EXEC_DEPENDENCY='%: %.o'
EXEEXT=''
GREP='/usr/bin/grep'
LDFLAGS=''
LIBOBJS=''
LIBS=' -lm'
LTLIBOBJS=''
OBJEXT='o'
PACKAGE_BUGREPORT='zasha.weinberg@yale.edu'
PACKAGE_COPYRIGHT='Copyright (C) 2001-2005 HHMI/Washington University School of Medicine'
PACKAGE_DATE='December 2005'
PACKAGE_LICENSE='Freely distributed under the GNU General Public License (GPL)'
PACKAGE_LICENSETAG='gnu'
PACKAGE_NAME='squid-extracted-from-Infernal'
PACKAGE_RELCODE='infernal0_7'
PACKAGE_STRING='squid-extracted-from-Infernal 0.7'
PACKAGE_TARNAME='infernal-squid'
PACKAGE_URL=''
PACKAGE_VERSION='0.7'
PATH_SEPARATOR=':'
RANLIB='ranlib'
SHELL='/bin/sh'
ac_ct_CC='gcc'
ac_ct_CXX='g++'
bindir='${exec_prefix}/bin'
build_alias=''
datadir='${datarootdir}'
datarootdir='${prefix}/share'
docdir='${datarootdir}/doc/${PACKAGE_TARNAME}'
dvidir='${docdir}'
exec_prefix='${prefix}'
host_alias=''
htmldir='${docdir}'
includedir='${prefix}/include'
infodir='${datarootdir}/info'
libdir='${exec_prefix}/lib'
libexecdir='${exec_prefix}/libexec'
localedir='${datarootdir}/locale'
localstatedir='${prefix}/var'
mandir='${datarootdir}/man'
oldincludedir='/usr/include'
pdfdir='${docdir}'
prefix='/usr/local'
program_transform_name='s,x,x,'
psdir='${docdir}'
sbindir='${exec_prefix}/sbin'
sharedstatedir='${prefix}/com'
subdirs=' squid'
sysconfdir='${prefix}/etc'
target_alias=''

## ----------- ##
## confdefs.h. ##
## ----------- ##

/* confdefs.h */
#define PACKAGE_NAME "squid-extracted-from-Infernal"
#define PACKAGE_TARNAME "infernal-squid"
#define PACKAGE_VERSION "0.7"
#define PACKAGE_STRING "squid-extracted-from-Infernal 0.7"
#define PACKAGE_BUGREPORT "zasha.weinberg@yale.edu"
#define PACKAGE_URL ""
#define PACKAGE_DATE "December 2005"
#define PACKAGE_COPYRIGHT "Copyright (C) 2001-2005 HHMI/Washington University School of Medicine"
#define PACKAGE_LICENSE "Freely distributed under the GNU General Public License (GPL)"
#define STDC_HEADERS 1
#define HAVE_SYS_TYPES_H 1
#define HAVE_SYS_STAT_H 1
#define HAVE_STDLIB_H 1
#define HAVE_STRING_H 1
#define HAVE_MEMORY_H 1
#define HAVE_STRINGS_H 1
#define HAVE_INTTYPES_H 1
#define HAVE_STDINT_H 1
#define HAVE_UNISTD_H 1
#define HAVE_ALLOCA_H 1
#define HAVE_ALLOCA 1

configure: exit 0
