This file contains any messages produced by compilers while
running configure, to aid debugging if configure makes a mistake.

It was created by SQUID configure 1.9g, which was
generated by GNU Autoconf 2.59.  Invocation command line was

  $ ./configure --disable-option-checking --prefix=/usr/local --cache-file=/dev/null --srcdir=.

## --------- ##
## Platform. ##
## --------- ##

hostname = rivase-lm3-2.local
uname -m = x86_64
uname -r = 13.4.0
uname -s = Darwin
uname -v = Darwin Kernel Version 13.4.0: Sun Aug 17 19:50:11 PDT 2014; root:xnu-2422.115.4~1/RELEASE_X86_64

/usr/bin/uname -p = i386
/bin/uname -X     = unknown

/bin/arch              = unknown
/usr/bin/arch -k       = unknown
/usr/convex/getsysinfo = unknown
hostinfo               = Mach kernel version:
	 Darwin Kernel Version 13.4.0: Sun Aug 17 19:50:11 PDT 2014; root:xnu-2422.115.4~1/RELEASE_X86_64
Kernel configured for up to 8 processors.
4 processors are physically available.
8 processors are logically available.
Processor type: i486 (Intel 80486)
Processors active: 0 1 2 3 4 5 6 7
Primary memory available: 16.00 gigabytes
Default processor set: 263 tasks, 1082 threads, 8 processors
Load average: 3.59, Mach factor: 4.40
/bin/machine           = unknown
/usr/bin/oslevel       = unknown
/bin/universe          = unknown

PATH: /usr/kerberos/bin
PATH: /usr/local/bin
PATH: /bin
PATH: /usr/bin
PATH: /usr/local/gnuplot-4.6.0/bin
PATH: /usr/X11R6/bin
PATH: /usr/sbin
PATH: /groups/eddy/home/rivase/bin
PATH: /usr/local/mfold/bin
PATH: /opt/bin
PATH: /usr/kerberos/bin
PATH: /usr/local/bin
PATH: /bin
PATH: /usr/bin
PATH: /usr/local/gnuplot-4.6.0/bin
PATH: /usr/X11R6/bin
PATH: /usr/sbin
PATH: /groups/eddy/home/rivase/bin
PATH: /usr/local/mfold/bin
PATH: /opt/bin
PATH: /usr/texbin
PATH: /Applications/MacPorts/Emacs.app/Contents/MacOS
PATH: /opt/local/bin
PATH: /opt/local/sbin
PATH: /opt/local/bin
PATH: /opt/local/sbin
PATH: /bin
PATH: /sbin
PATH: /usr/bin
PATH: /usr/sbin
PATH: /usr/local/bin


## ----------- ##
## Core tests. ##
## ----------- ##

configure:1310: configuring the SQUID library for your system.
configure:1395: checking for gcc
configure:1411: found /usr/bin/gcc
configure:1421: result: gcc
configure:1665: checking for C compiler version
configure:1668: gcc --version </dev/null >&5
Configured with: --prefix=/Applications/Xcode.app/Contents/Developer/usr --with-gxx-include-dir=/usr/include/c++/4.2.1
Apple LLVM version 5.1 (clang-503.0.38) (based on LLVM 3.4svn)
Target: x86_64-apple-darwin13.4.0
Thread model: posix
configure:1671: $? = 0
configure:1673: gcc -v </dev/null >&5
Configured with: --prefix=/Applications/Xcode.app/Contents/Developer/usr --with-gxx-include-dir=/usr/include/c++/4.2.1
Apple LLVM version 5.1 (clang-503.0.38) (based on LLVM 3.4svn)
Target: x86_64-apple-darwin13.4.0
Thread model: posix
configure:1676: $? = 0
configure:1678: gcc -V </dev/null >&5
clang: error: argument to '-V' is missing (expected 1 value)
clang: error: no input files
configure:1681: $? = 1
configure:1704: checking for C compiler default output file name
configure:1707: gcc    conftest.c  >&5
configure:1710: $? = 0
configure:1756: result: a.out
configure:1761: checking whether the C compiler works
configure:1767: ./a.out
configure:1770: $? = 0
configure:1787: result: yes
configure:1794: checking whether we are cross compiling
configure:1796: result: no
configure:1799: checking for suffix of executables
configure:1801: gcc -o conftest    conftest.c  >&5
configure:1804: $? = 0
configure:1829: result: 
configure:1835: checking for suffix of object files
configure:1856: gcc -c   conftest.c >&5
configure:1859: $? = 0
configure:1881: result: o
configure:1885: checking whether we are using the GNU C compiler
configure:1909: gcc -c   conftest.c >&5
configure:1915: $? = 0
configure:1919: test -z 
			 || test ! -s conftest.err
configure:1922: $? = 0
configure:1925: test -s conftest.o
configure:1928: $? = 0
configure:1941: result: yes
configure:1947: checking whether gcc accepts -g
configure:1968: gcc -c -g  conftest.c >&5
configure:1974: $? = 0
configure:1978: test -z 
			 || test ! -s conftest.err
configure:1981: $? = 0
configure:1984: test -s conftest.o
configure:1987: $? = 0
configure:1998: result: yes
configure:2015: checking for gcc option to accept ANSI C
configure:2085: gcc  -c -g -O2  conftest.c >&5
configure:2091: $? = 0
configure:2095: test -z 
			 || test ! -s conftest.err
configure:2098: $? = 0
configure:2101: test -s conftest.o
configure:2104: $? = 0
configure:2122: result: none needed
configure:2140: gcc -c -g -O2  conftest.c >&5
conftest.c:2:3: error: unknown type name 'choke'
  choke me
  ^
conftest.c:2:11: error: expected ';' after top level declarator
  choke me
          ^
          ;
2 errors generated.
configure:2146: $? = 1
configure: failed program was:
| #ifndef __cplusplus
|   choke me
| #endif
configure:2323: checking for ranlib
configure:2339: found /usr/bin/ranlib
configure:2350: result: ranlib
configure:2364: checking for ar
configure:2383: found /usr/bin/ar
configure:2396: result: /usr/bin/ar
configure:2424: checking whether your make is GNU make
configure:2432: result: yes, it is.
configure:2445: checking how to run the C preprocessor
configure:2480: gcc -E  conftest.c
configure:2486: $? = 0
configure:2518: gcc -E  conftest.c
conftest.c:13:10: fatal error: 'ac_nonexistent.h' file not found
#include <ac_nonexistent.h>
         ^
1 error generated.
configure:2524: $? = 1
configure: failed program was:
| /* confdefs.h.  */
| 
| #define PACKAGE_NAME "SQUID"
| #define PACKAGE_TARNAME "squid"
| #define PACKAGE_VERSION "1.9g"
| #define PACKAGE_STRING "SQUID 1.9g"
| #define PACKAGE_BUGREPORT "eddy@genetics.wustl.edu"
| #define SQUID_DATE "January 2003"
| #define SQUID_COPYRIGHT "Copyright (C) 1992-2003 HHMI/Washington University School of Medicine"
| #define SQUID_LICENSE "Freely distributed under the GNU General Public License (GPL)"
| #define SQUID_VERSION "1.9g"
| /* end confdefs.h.  */
| #include <ac_nonexistent.h>
configure:2563: result: gcc -E
configure:2587: gcc -E  conftest.c
configure:2593: $? = 0
configure:2625: gcc -E  conftest.c
conftest.c:13:10: fatal error: 'ac_nonexistent.h' file not found
#include <ac_nonexistent.h>
         ^
1 error generated.
configure:2631: $? = 1
configure: failed program was:
| /* confdefs.h.  */
| 
| #define PACKAGE_NAME "SQUID"
| #define PACKAGE_TARNAME "squid"
| #define PACKAGE_VERSION "1.9g"
| #define PACKAGE_STRING "SQUID 1.9g"
| #define PACKAGE_BUGREPORT "eddy@genetics.wustl.edu"
| #define SQUID_DATE "January 2003"
| #define SQUID_COPYRIGHT "Copyright (C) 1992-2003 HHMI/Washington University School of Medicine"
| #define SQUID_LICENSE "Freely distributed under the GNU General Public License (GPL)"
| #define SQUID_VERSION "1.9g"
| /* end confdefs.h.  */
| #include <ac_nonexistent.h>
configure:2675: checking for egrep
configure:2685: result: grep -E
configure:2690: checking for ANSI C header files
configure:2715: gcc -c -g -O2  conftest.c >&5
configure:2721: $? = 0
configure:2725: test -z 
			 || test ! -s conftest.err
configure:2728: $? = 0
configure:2731: test -s conftest.o
configure:2734: $? = 0
configure:2823: gcc -o conftest -g -O2   conftest.c  >&5
conftest.c:30:7: warning: implicitly declaring library function 'exit' with type 'void (int) __attribute__((noreturn))'
      exit(2);
      ^
conftest.c:30:7: note: please include the header <stdlib.h> or explicitly provide a declaration for 'exit'
1 warning generated.
configure:2826: $? = 0
configure:2828: ./conftest
configure:2831: $? = 0
configure:2846: result: yes
configure:2870: checking for sys/types.h
configure:2886: gcc -c -g -O2  conftest.c >&5
configure:2892: $? = 0
configure:2896: test -z 
			 || test ! -s conftest.err
configure:2899: $? = 0
configure:2902: test -s conftest.o
configure:2905: $? = 0
configure:2916: result: yes
configure:2870: checking for sys/stat.h
configure:2886: gcc -c -g -O2  conftest.c >&5
configure:2892: $? = 0
configure:2896: test -z 
			 || test ! -s conftest.err
configure:2899: $? = 0
configure:2902: test -s conftest.o
configure:2905: $? = 0
configure:2916: result: yes
configure:2870: checking for stdlib.h
configure:2886: gcc -c -g -O2  conftest.c >&5
configure:2892: $? = 0
configure:2896: test -z 
			 || test ! -s conftest.err
configure:2899: $? = 0
configure:2902: test -s conftest.o
configure:2905: $? = 0
configure:2916: result: yes
configure:2870: checking for string.h
configure:2886: gcc -c -g -O2  conftest.c >&5
configure:2892: $? = 0
configure:2896: test -z 
			 || test ! -s conftest.err
configure:2899: $? = 0
configure:2902: test -s conftest.o
configure:2905: $? = 0
configure:2916: result: yes
configure:2870: checking for memory.h
configure:2886: gcc -c -g -O2  conftest.c >&5
configure:2892: $? = 0
configure:2896: test -z 
			 || test ! -s conftest.err
configure:2899: $? = 0
configure:2902: test -s conftest.o
configure:2905: $? = 0
configure:2916: result: yes
configure:2870: checking for strings.h
configure:2886: gcc -c -g -O2  conftest.c >&5
configure:2892: $? = 0
configure:2896: test -z 
			 || test ! -s conftest.err
configure:2899: $? = 0
configure:2902: test -s conftest.o
configure:2905: $? = 0
configure:2916: result: yes
configure:2870: checking for inttypes.h
configure:2886: gcc -c -g -O2  conftest.c >&5
configure:2892: $? = 0
configure:2896: test -z 
			 || test ! -s conftest.err
configure:2899: $? = 0
configure:2902: test -s conftest.o
configure:2905: $? = 0
configure:2916: result: yes
configure:2870: checking for stdint.h
configure:2886: gcc -c -g -O2  conftest.c >&5
configure:2892: $? = 0
configure:2896: test -z 
			 || test ! -s conftest.err
configure:2899: $? = 0
configure:2902: test -s conftest.o
configure:2905: $? = 0
configure:2916: result: yes
configure:2870: checking for unistd.h
configure:2886: gcc -c -g -O2  conftest.c >&5
configure:2892: $? = 0
configure:2896: test -z 
			 || test ! -s conftest.err
configure:2899: $? = 0
configure:2902: test -s conftest.o
configure:2905: $? = 0
configure:2916: result: yes
configure:2933: checking for unistd.h
configure:2938: result: yes
configure:3088: checking whether byte ordering is bigendian
configure:3115: gcc -c -g -O2  conftest.c >&5
configure:3121: $? = 0
configure:3125: test -z 
			 || test ! -s conftest.err
configure:3128: $? = 0
configure:3131: test -s conftest.o
configure:3134: $? = 0
configure:3158: gcc -c -g -O2  conftest.c >&5
conftest.c:31:2: error: use of undeclared identifier 'not'
 not big endian
 ^
1 error generated.
configure:3164: $? = 1
configure: failed program was:
| /* confdefs.h.  */
| 
| #define PACKAGE_NAME "SQUID"
| #define PACKAGE_TARNAME "squid"
| #define PACKAGE_VERSION "1.9g"
| #define PACKAGE_STRING "SQUID 1.9g"
| #define PACKAGE_BUGREPORT "eddy@genetics.wustl.edu"
| #define SQUID_DATE "January 2003"
| #define SQUID_COPYRIGHT "Copyright (C) 1992-2003 HHMI/Washington University School of Medicine"
| #define SQUID_LICENSE "Freely distributed under the GNU General Public License (GPL)"
| #define SQUID_VERSION "1.9g"
| #define STDC_HEADERS 1
| #define HAVE_SYS_TYPES_H 1
| #define HAVE_SYS_STAT_H 1
| #define HAVE_STDLIB_H 1
| #define HAVE_STRING_H 1
| #define HAVE_MEMORY_H 1
| #define HAVE_STRINGS_H 1
| #define HAVE_INTTYPES_H 1
| #define HAVE_STDINT_H 1
| #define HAVE_UNISTD_H 1
| #define HAVE_UNISTD_H 1
| /* end confdefs.h.  */
| #include <sys/types.h>
| #include <sys/param.h>
| 
| int
| main ()
| {
| #if BYTE_ORDER != BIG_ENDIAN
|  not big endian
| #endif
| 
|   ;
|   return 0;
| }
configure:3299: result: no
configure:3322: checking for ntohs
configure:3379: gcc -o conftest -g -O2   conftest.c  >&5
configure:3385: $? = 0
configure:3389: test -z 
			 || test ! -s conftest.err
configure:3392: $? = 0
configure:3395: test -s conftest
configure:3398: $? = 0
configure:3410: result: yes
configure:3499: checking for ntohl
configure:3556: gcc -o conftest -g -O2   conftest.c  >&5
configure:3562: $? = 0
configure:3566: test -z 
			 || test ! -s conftest.err
configure:3569: $? = 0
configure:3572: test -s conftest
configure:3575: $? = 0
configure:3587: result: yes
configure:3676: checking for htons
configure:3733: gcc -o conftest -g -O2   conftest.c  >&5
configure:3739: $? = 0
configure:3743: test -z 
			 || test ! -s conftest.err
configure:3746: $? = 0
configure:3749: test -s conftest
configure:3752: $? = 0
configure:3764: result: yes
configure:3853: checking for htonl
configure:3910: gcc -o conftest -g -O2   conftest.c  >&5
configure:3916: $? = 0
configure:3920: test -z 
			 || test ! -s conftest.err
configure:3923: $? = 0
configure:3926: test -s conftest
configure:3929: $? = 0
configure:3941: result: yes
configure:4027: checking for unsigned short
configure:4051: gcc -c -g -O2  conftest.c >&5
configure:4057: $? = 0
configure:4061: test -z 
			 || test ! -s conftest.err
configure:4064: $? = 0
configure:4067: test -s conftest.o
configure:4070: $? = 0
configure:4081: result: yes
configure:4084: checking size of unsigned short
configure:4403: gcc -o conftest -g -O2   conftest.c  >&5
configure:4406: $? = 0
configure:4408: ./conftest
configure:4411: $? = 0
configure:4434: result: 2
configure:4441: checking for unsigned int
configure:4465: gcc -c -g -O2  conftest.c >&5
configure:4471: $? = 0
configure:4475: test -z 
			 || test ! -s conftest.err
configure:4478: $? = 0
configure:4481: test -s conftest.o
configure:4484: $? = 0
configure:4495: result: yes
configure:4498: checking size of unsigned int
configure:4817: gcc -o conftest -g -O2   conftest.c  >&5
configure:4820: $? = 0
configure:4822: ./conftest
configure:4825: $? = 0
configure:4848: result: 4
configure:4855: checking for unsigned long
configure:4879: gcc -c -g -O2  conftest.c >&5
configure:4885: $? = 0
configure:4889: test -z 
			 || test ! -s conftest.err
configure:4892: $? = 0
configure:4895: test -s conftest.o
configure:4898: $? = 0
configure:4909: result: yes
configure:4912: checking size of unsigned long
configure:5231: gcc -o conftest -g -O2   conftest.c  >&5
configure:5234: $? = 0
configure:5236: ./conftest
configure:5239: $? = 0
configure:5262: result: 8
configure:5269: checking for unsigned long long
configure:5293: gcc -c -g -O2  conftest.c >&5
configure:5299: $? = 0
configure:5303: test -z 
			 || test ! -s conftest.err
configure:5306: $? = 0
configure:5309: test -s conftest.o
configure:5312: $? = 0
configure:5323: result: yes
configure:5326: checking size of unsigned long long
configure:5645: gcc -o conftest -g -O2   conftest.c  >&5
configure:5648: $? = 0
configure:5650: ./conftest
configure:5653: $? = 0
configure:5676: result: 8
configure:5688: checking for strtoul
configure:5745: gcc -o conftest -g -O2   conftest.c  >&5
configure:5751: $? = 0
configure:5755: test -z 
			 || test ! -s conftest.err
configure:5758: $? = 0
configure:5761: test -s conftest
configure:5764: $? = 0
configure:5776: result: yes
configure:5688: checking for strtoull
configure:5745: gcc -o conftest -g -O2   conftest.c  >&5
configure:5751: $? = 0
configure:5755: test -z 
			 || test ! -s conftest.err
configure:5758: $? = 0
configure:5761: test -s conftest
configure:5764: $? = 0
configure:5776: result: yes
configure:5831: checking whether fpos_t is an arithmetic datatype
configure:5850: gcc -c -g -O2  conftest.c >&5
conftest.c:38:16: error: function definition is not allowed here
int main(void) { fpos_t f1, f2; if (f1 == f2) f1 = 0;}
               ^
1 error generated.
configure:5856: $? = 1
configure: failed program was:
| /* confdefs.h.  */
| 
| #define PACKAGE_NAME "SQUID"
| #define PACKAGE_TARNAME "squid"
| #define PACKAGE_VERSION "1.9g"
| #define PACKAGE_STRING "SQUID 1.9g"
| #define PACKAGE_BUGREPORT "eddy@genetics.wustl.edu"
| #define SQUID_DATE "January 2003"
| #define SQUID_COPYRIGHT "Copyright (C) 1992-2003 HHMI/Washington University School of Medicine"
| #define SQUID_LICENSE "Freely distributed under the GNU General Public License (GPL)"
| #define SQUID_VERSION "1.9g"
| #define STDC_HEADERS 1
| #define HAVE_SYS_TYPES_H 1
| #define HAVE_SYS_STAT_H 1
| #define HAVE_STDLIB_H 1
| #define HAVE_STRING_H 1
| #define HAVE_MEMORY_H 1
| #define HAVE_STRINGS_H 1
| #define HAVE_INTTYPES_H 1
| #define HAVE_STDINT_H 1
| #define HAVE_UNISTD_H 1
| #define HAVE_UNISTD_H 1
| #define HAVE_NTOHS 1
| #define HAVE_NTOHL 1
| #define HAVE_HTONS 1
| #define HAVE_HTONL 1
| #define SIZEOF_UNSIGNED_SHORT 2
| #define SIZEOF_UNSIGNED_INT 4
| #define SIZEOF_UNSIGNED_LONG 8
| #define SIZEOF_UNSIGNED_LONG_LONG 8
| #define HAVE_STRTOUL 1
| #define HAVE_STRTOULL 1
| /* end confdefs.h.  */
| #include <stdio.h>
| int
| main ()
| {
| int main(void) { fpos_t f1, f2; if (f1 == f2) f1 = 0;}
|   ;
|   return 0;
| }
configure:5882: result: no.
configure:5896: checking for strtoull
configure:5984: result: yes
configure:5999: checking for ftello
configure:6056: gcc -o conftest -g -O2   conftest.c  >&5
configure:6062: $? = 0
configure:6066: test -z 
			 || test ! -s conftest.err
configure:6069: $? = 0
configure:6072: test -s conftest
configure:6075: $? = 0
configure:6087: result: yes
configure:5999: checking for fseeko
configure:6056: gcc -o conftest -g -O2   conftest.c  >&5
configure:6062: $? = 0
configure:6066: test -z 
			 || test ! -s conftest.err
configure:6069: $? = 0
configure:6072: test -s conftest
configure:6075: $? = 0
configure:6087: result: yes
configure:6102: checking for ftello64
configure:6159: gcc -o conftest -g -O2   conftest.c  >&5
Undefined symbols for architecture x86_64:
  "_ftello64", referenced from:
      _main in conftest-f691b3.o
      _f in conftest-f691b3.o
ld: symbol(s) not found for architecture x86_64
clang: error: linker command failed with exit code 1 (use -v to see invocation)
configure:6165: $? = 1
configure: failed program was:
| /* confdefs.h.  */
| 
| #define PACKAGE_NAME "SQUID"
| #define PACKAGE_TARNAME "squid"
| #define PACKAGE_VERSION "1.9g"
| #define PACKAGE_STRING "SQUID 1.9g"
| #define PACKAGE_BUGREPORT "eddy@genetics.wustl.edu"
| #define SQUID_DATE "January 2003"
| #define SQUID_COPYRIGHT "Copyright (C) 1992-2003 HHMI/Washington University School of Medicine"
| #define SQUID_LICENSE "Freely distributed under the GNU General Public License (GPL)"
| #define SQUID_VERSION "1.9g"
| #define STDC_HEADERS 1
| #define HAVE_SYS_TYPES_H 1
| #define HAVE_SYS_STAT_H 1
| #define HAVE_STDLIB_H 1
| #define HAVE_STRING_H 1
| #define HAVE_MEMORY_H 1
| #define HAVE_STRINGS_H 1
| #define HAVE_INTTYPES_H 1
| #define HAVE_STDINT_H 1
| #define HAVE_UNISTD_H 1
| #define HAVE_UNISTD_H 1
| #define HAVE_NTOHS 1
| #define HAVE_NTOHL 1
| #define HAVE_HTONS 1
| #define HAVE_HTONL 1
| #define SIZEOF_UNSIGNED_SHORT 2
| #define SIZEOF_UNSIGNED_INT 4
| #define SIZEOF_UNSIGNED_LONG 8
| #define SIZEOF_UNSIGNED_LONG_LONG 8
| #define HAVE_STRTOUL 1
| #define HAVE_STRTOULL 1
| #define HAVE_STRTOULL 1
| #define HAVE_FTELLO 1
| #define HAVE_FSEEKO 1
| /* end confdefs.h.  */
| /* Define ftello64 to an innocuous variant, in case <limits.h> declares ftello64.
|    For example, HP-UX 11i <limits.h> declares gettimeofday.  */
| #define ftello64 innocuous_ftello64
| 
| /* System header to define __stub macros and hopefully few prototypes,
|     which can conflict with char ftello64 (); below.
|     Prefer <limits.h> to <assert.h> if __STDC__ is defined, since
|     <limits.h> exists even on freestanding compilers.  */
| 
| #ifdef __STDC__
| # include <limits.h>
| #else
| # include <assert.h>
| #endif
| 
| #undef ftello64
| 
| /* Override any gcc2 internal prototype to avoid an error.  */
| #ifdef __cplusplus
| extern "C"
| {
| #endif
| /* We use char because int might match the return type of a gcc2
|    builtin and then its argument prototype would still apply.  */
| char ftello64 ();
| /* The GNU C library defines this for functions which it implements
|     to always fail with ENOSYS.  Some functions are actually named
|     something starting with __ and the normal name is an alias.  */
| #if defined (__stub_ftello64) || defined (__stub___ftello64)
| choke me
| #else
| char (*f) () = ftello64;
| #endif
| #ifdef __cplusplus
| }
| #endif
| 
| int
| main ()
| {
| return f != ftello64;
|   ;
|   return 0;
| }
configure:6190: result: no
configure:6102: checking for fseeko64
configure:6159: gcc -o conftest -g -O2   conftest.c  >&5
Undefined symbols for architecture x86_64:
  "_fseeko64", referenced from:
      _main in conftest-713593.o
      _f in conftest-713593.o
ld: symbol(s) not found for architecture x86_64
clang: error: linker command failed with exit code 1 (use -v to see invocation)
configure:6165: $? = 1
configure: failed program was:
| /* confdefs.h.  */
| 
| #define PACKAGE_NAME "SQUID"
| #define PACKAGE_TARNAME "squid"
| #define PACKAGE_VERSION "1.9g"
| #define PACKAGE_STRING "SQUID 1.9g"
| #define PACKAGE_BUGREPORT "eddy@genetics.wustl.edu"
| #define SQUID_DATE "January 2003"
| #define SQUID_COPYRIGHT "Copyright (C) 1992-2003 HHMI/Washington University School of Medicine"
| #define SQUID_LICENSE "Freely distributed under the GNU General Public License (GPL)"
| #define SQUID_VERSION "1.9g"
| #define STDC_HEADERS 1
| #define HAVE_SYS_TYPES_H 1
| #define HAVE_SYS_STAT_H 1
| #define HAVE_STDLIB_H 1
| #define HAVE_STRING_H 1
| #define HAVE_MEMORY_H 1
| #define HAVE_STRINGS_H 1
| #define HAVE_INTTYPES_H 1
| #define HAVE_STDINT_H 1
| #define HAVE_UNISTD_H 1
| #define HAVE_UNISTD_H 1
| #define HAVE_NTOHS 1
| #define HAVE_NTOHL 1
| #define HAVE_HTONS 1
| #define HAVE_HTONL 1
| #define SIZEOF_UNSIGNED_SHORT 2
| #define SIZEOF_UNSIGNED_INT 4
| #define SIZEOF_UNSIGNED_LONG 8
| #define SIZEOF_UNSIGNED_LONG_LONG 8
| #define HAVE_STRTOUL 1
| #define HAVE_STRTOULL 1
| #define HAVE_STRTOULL 1
| #define HAVE_FTELLO 1
| #define HAVE_FSEEKO 1
| /* end confdefs.h.  */
| /* Define fseeko64 to an innocuous variant, in case <limits.h> declares fseeko64.
|    For example, HP-UX 11i <limits.h> declares gettimeofday.  */
| #define fseeko64 innocuous_fseeko64
| 
| /* System header to define __stub macros and hopefully few prototypes,
|     which can conflict with char fseeko64 (); below.
|     Prefer <limits.h> to <assert.h> if __STDC__ is defined, since
|     <limits.h> exists even on freestanding compilers.  */
| 
| #ifdef __STDC__
| # include <limits.h>
| #else
| # include <assert.h>
| #endif
| 
| #undef fseeko64
| 
| /* Override any gcc2 internal prototype to avoid an error.  */
| #ifdef __cplusplus
| extern "C"
| {
| #endif
| /* We use char because int might match the return type of a gcc2
|    builtin and then its argument prototype would still apply.  */
| char fseeko64 ();
| /* The GNU C library defines this for functions which it implements
|     to always fail with ENOSYS.  Some functions are actually named
|     something starting with __ and the normal name is an alias.  */
| #if defined (__stub_fseeko64) || defined (__stub___fseeko64)
| choke me
| #else
| char (*f) () = fseeko64;
| #endif
| #ifdef __cplusplus
| }
| #endif
| 
| int
| main ()
| {
| return f != fseeko64;
|   ;
|   return 0;
| }
configure:6190: result: no
configure:6205: checking for ftell64
configure:6262: gcc -o conftest -g -O2   conftest.c  >&5
Undefined symbols for architecture x86_64:
  "_ftell64", referenced from:
      _main in conftest-5ec4cc.o
      _f in conftest-5ec4cc.o
ld: symbol(s) not found for architecture x86_64
clang: error: linker command failed with exit code 1 (use -v to see invocation)
configure:6268: $? = 1
configure: failed program was:
| /* confdefs.h.  */
| 
| #define PACKAGE_NAME "SQUID"
| #define PACKAGE_TARNAME "squid"
| #define PACKAGE_VERSION "1.9g"
| #define PACKAGE_STRING "SQUID 1.9g"
| #define PACKAGE_BUGREPORT "eddy@genetics.wustl.edu"
| #define SQUID_DATE "January 2003"
| #define SQUID_COPYRIGHT "Copyright (C) 1992-2003 HHMI/Washington University School of Medicine"
| #define SQUID_LICENSE "Freely distributed under the GNU General Public License (GPL)"
| #define SQUID_VERSION "1.9g"
| #define STDC_HEADERS 1
| #define HAVE_SYS_TYPES_H 1
| #define HAVE_SYS_STAT_H 1
| #define HAVE_STDLIB_H 1
| #define HAVE_STRING_H 1
| #define HAVE_MEMORY_H 1
| #define HAVE_STRINGS_H 1
| #define HAVE_INTTYPES_H 1
| #define HAVE_STDINT_H 1
| #define HAVE_UNISTD_H 1
| #define HAVE_UNISTD_H 1
| #define HAVE_NTOHS 1
| #define HAVE_NTOHL 1
| #define HAVE_HTONS 1
| #define HAVE_HTONL 1
| #define SIZEOF_UNSIGNED_SHORT 2
| #define SIZEOF_UNSIGNED_INT 4
| #define SIZEOF_UNSIGNED_LONG 8
| #define SIZEOF_UNSIGNED_LONG_LONG 8
| #define HAVE_STRTOUL 1
| #define HAVE_STRTOULL 1
| #define HAVE_STRTOULL 1
| #define HAVE_FTELLO 1
| #define HAVE_FSEEKO 1
| /* end confdefs.h.  */
| /* Define ftell64 to an innocuous variant, in case <limits.h> declares ftell64.
|    For example, HP-UX 11i <limits.h> declares gettimeofday.  */
| #define ftell64 innocuous_ftell64
| 
| /* System header to define __stub macros and hopefully few prototypes,
|     which can conflict with char ftell64 (); below.
|     Prefer <limits.h> to <assert.h> if __STDC__ is defined, since
|     <limits.h> exists even on freestanding compilers.  */
| 
| #ifdef __STDC__
| # include <limits.h>
| #else
| # include <assert.h>
| #endif
| 
| #undef ftell64
| 
| /* Override any gcc2 internal prototype to avoid an error.  */
| #ifdef __cplusplus
| extern "C"
| {
| #endif
| /* We use char because int might match the return type of a gcc2
|    builtin and then its argument prototype would still apply.  */
| char ftell64 ();
| /* The GNU C library defines this for functions which it implements
|     to always fail with ENOSYS.  Some functions are actually named
|     something starting with __ and the normal name is an alias.  */
| #if defined (__stub_ftell64) || defined (__stub___ftell64)
| choke me
| #else
| char (*f) () = ftell64;
| #endif
| #ifdef __cplusplus
| }
| #endif
| 
| int
| main ()
| {
| return f != ftell64;
|   ;
|   return 0;
| }
configure:6293: result: no
configure:6205: checking for fseek64
configure:6262: gcc -o conftest -g -O2   conftest.c  >&5
Undefined symbols for architecture x86_64:
  "_fseek64", referenced from:
      _main in conftest-6cc00e.o
      _f in conftest-6cc00e.o
ld: symbol(s) not found for architecture x86_64
clang: error: linker command failed with exit code 1 (use -v to see invocation)
configure:6268: $? = 1
configure: failed program was:
| /* confdefs.h.  */
| 
| #define PACKAGE_NAME "SQUID"
| #define PACKAGE_TARNAME "squid"
| #define PACKAGE_VERSION "1.9g"
| #define PACKAGE_STRING "SQUID 1.9g"
| #define PACKAGE_BUGREPORT "eddy@genetics.wustl.edu"
| #define SQUID_DATE "January 2003"
| #define SQUID_COPYRIGHT "Copyright (C) 1992-2003 HHMI/Washington University School of Medicine"
| #define SQUID_LICENSE "Freely distributed under the GNU General Public License (GPL)"
| #define SQUID_VERSION "1.9g"
| #define STDC_HEADERS 1
| #define HAVE_SYS_TYPES_H 1
| #define HAVE_SYS_STAT_H 1
| #define HAVE_STDLIB_H 1
| #define HAVE_STRING_H 1
| #define HAVE_MEMORY_H 1
| #define HAVE_STRINGS_H 1
| #define HAVE_INTTYPES_H 1
| #define HAVE_STDINT_H 1
| #define HAVE_UNISTD_H 1
| #define HAVE_UNISTD_H 1
| #define HAVE_NTOHS 1
| #define HAVE_NTOHL 1
| #define HAVE_HTONS 1
| #define HAVE_HTONL 1
| #define SIZEOF_UNSIGNED_SHORT 2
| #define SIZEOF_UNSIGNED_INT 4
| #define SIZEOF_UNSIGNED_LONG 8
| #define SIZEOF_UNSIGNED_LONG_LONG 8
| #define HAVE_STRTOUL 1
| #define HAVE_STRTOULL 1
| #define HAVE_STRTOULL 1
| #define HAVE_FTELLO 1
| #define HAVE_FSEEKO 1
| /* end confdefs.h.  */
| /* Define fseek64 to an innocuous variant, in case <limits.h> declares fseek64.
|    For example, HP-UX 11i <limits.h> declares gettimeofday.  */
| #define fseek64 innocuous_fseek64
| 
| /* System header to define __stub macros and hopefully few prototypes,
|     which can conflict with char fseek64 (); below.
|     Prefer <limits.h> to <assert.h> if __STDC__ is defined, since
|     <limits.h> exists even on freestanding compilers.  */
| 
| #ifdef __STDC__
| # include <limits.h>
| #else
| # include <assert.h>
| #endif
| 
| #undef fseek64
| 
| /* Override any gcc2 internal prototype to avoid an error.  */
| #ifdef __cplusplus
| extern "C"
| {
| #endif
| /* We use char because int might match the return type of a gcc2
|    builtin and then its argument prototype would still apply.  */
| char fseek64 ();
| /* The GNU C library defines this for functions which it implements
|     to always fail with ENOSYS.  Some functions are actually named
|     something starting with __ and the normal name is an alias.  */
| #if defined (__stub_fseek64) || defined (__stub___fseek64)
| choke me
| #else
| char (*f) () = fseek64;
| #endif
| #ifdef __cplusplus
| }
| #endif
| 
| int
| main ()
| {
| return f != fseek64;
|   ;
|   return 0;
| }
configure:6293: result: no
configure:6303: checking for stat64
configure:6360: gcc -o conftest -g -O2   conftest.c  >&5
configure:6366: $? = 0
configure:6370: test -z 
			 || test ! -s conftest.err
configure:6373: $? = 0
configure:6376: test -s conftest
configure:6379: $? = 0
configure:6391: result: yes
configure:6394: checking for struct stat64
configure:6415: gcc -c -g -O2  conftest.c >&5
conftest.c:43:16: error: function definition is not allowed here
int main(void) { struct stat64 s1;}
               ^
1 error generated.
configure:6421: $? = 1
configure: failed program was:
| /* confdefs.h.  */
| 
| #define PACKAGE_NAME "SQUID"
| #define PACKAGE_TARNAME "squid"
| #define PACKAGE_VERSION "1.9g"
| #define PACKAGE_STRING "SQUID 1.9g"
| #define PACKAGE_BUGREPORT "eddy@genetics.wustl.edu"
| #define SQUID_DATE "January 2003"
| #define SQUID_COPYRIGHT "Copyright (C) 1992-2003 HHMI/Washington University School of Medicine"
| #define SQUID_LICENSE "Freely distributed under the GNU General Public License (GPL)"
| #define SQUID_VERSION "1.9g"
| #define STDC_HEADERS 1
| #define HAVE_SYS_TYPES_H 1
| #define HAVE_SYS_STAT_H 1
| #define HAVE_STDLIB_H 1
| #define HAVE_STRING_H 1
| #define HAVE_MEMORY_H 1
| #define HAVE_STRINGS_H 1
| #define HAVE_INTTYPES_H 1
| #define HAVE_STDINT_H 1
| #define HAVE_UNISTD_H 1
| #define HAVE_UNISTD_H 1
| #define HAVE_NTOHS 1
| #define HAVE_NTOHL 1
| #define HAVE_HTONS 1
| #define HAVE_HTONL 1
| #define SIZEOF_UNSIGNED_SHORT 2
| #define SIZEOF_UNSIGNED_INT 4
| #define SIZEOF_UNSIGNED_LONG 8
| #define SIZEOF_UNSIGNED_LONG_LONG 8
| #define HAVE_STRTOUL 1
| #define HAVE_STRTOULL 1
| #define HAVE_STRTOULL 1
| #define HAVE_FTELLO 1
| #define HAVE_FSEEKO 1
| /* end confdefs.h.  */
| #include <sys/types.h>
|                     #include <sys/stat.h>
|                     #include <unistd.h>
| int
| main ()
| {
| int main(void) { struct stat64 s1;}
|   ;
|   return 0;
| }
configure:6447: result: no!
configure:6452: checking for off_t
configure:6476: gcc -c -g -O2  conftest.c >&5
configure:6482: $? = 0
configure:6486: test -z 
			 || test ! -s conftest.err
configure:6489: $? = 0
configure:6492: test -s conftest.o
configure:6495: $? = 0
configure:6506: result: yes
configure:6509: checking size of off_t
configure:6828: gcc -o conftest -g -O2   conftest.c  >&5
configure:6831: $? = 0
configure:6833: ./conftest
configure:6836: $? = 0
configure:6859: result: 8
configure:6866: checking for off64_t
configure:6890: gcc -c -g -O2  conftest.c >&5
conftest.c:75:6: error: use of undeclared identifier 'off64_t'; did you mean 'off_t'?
if ((off64_t *) 0)
     ^
/usr/include/sys/_types/_off_t.h:30:25: note: 'off_t' declared here
typedef __darwin_off_t          off_t;
                                ^
conftest.c:75:15: error: expected expression
if ((off64_t *) 0)
              ^
conftest.c:77:13: error: use of undeclared identifier 'off64_t'; did you mean 'off_t'?
if (sizeof (off64_t))
            ^
/usr/include/sys/_types/_off_t.h:30:25: note: 'off_t' declared here
typedef __darwin_off_t          off_t;
                                ^
3 errors generated.
configure:6896: $? = 1
configure: failed program was:
| /* confdefs.h.  */
| 
| #define PACKAGE_NAME "SQUID"
| #define PACKAGE_TARNAME "squid"
| #define PACKAGE_VERSION "1.9g"
| #define PACKAGE_STRING "SQUID 1.9g"
| #define PACKAGE_BUGREPORT "eddy@genetics.wustl.edu"
| #define SQUID_DATE "January 2003"
| #define SQUID_COPYRIGHT "Copyright (C) 1992-2003 HHMI/Washington University School of Medicine"
| #define SQUID_LICENSE "Freely distributed under the GNU General Public License (GPL)"
| #define SQUID_VERSION "1.9g"
| #define STDC_HEADERS 1
| #define HAVE_SYS_TYPES_H 1
| #define HAVE_SYS_STAT_H 1
| #define HAVE_STDLIB_H 1
| #define HAVE_STRING_H 1
| #define HAVE_MEMORY_H 1
| #define HAVE_STRINGS_H 1
| #define HAVE_INTTYPES_H 1
| #define HAVE_STDINT_H 1
| #define HAVE_UNISTD_H 1
| #define HAVE_UNISTD_H 1
| #define HAVE_NTOHS 1
| #define HAVE_NTOHL 1
| #define HAVE_HTONS 1
| #define HAVE_HTONL 1
| #define SIZEOF_UNSIGNED_SHORT 2
| #define SIZEOF_UNSIGNED_INT 4
| #define SIZEOF_UNSIGNED_LONG 8
| #define SIZEOF_UNSIGNED_LONG_LONG 8
| #define HAVE_STRTOUL 1
| #define HAVE_STRTOULL 1
| #define HAVE_STRTOULL 1
| #define HAVE_FTELLO 1
| #define HAVE_FSEEKO 1
| #define SIZEOF_OFF_T 8
| /* end confdefs.h.  */
| #include <stdio.h>
| #if HAVE_SYS_TYPES_H
| # include <sys/types.h>
| #endif
| #if HAVE_SYS_STAT_H
| # include <sys/stat.h>
| #endif
| #if STDC_HEADERS
| # include <stdlib.h>
| # include <stddef.h>
| #else
| # if HAVE_STDLIB_H
| #  include <stdlib.h>
| # endif
| #endif
| #if HAVE_STRING_H
| # if !STDC_HEADERS && HAVE_MEMORY_H
| #  include <memory.h>
| # endif
| # include <string.h>
| #endif
| #if HAVE_STRINGS_H
| # include <strings.h>
| #endif
| #if HAVE_INTTYPES_H
| # include <inttypes.h>
| #else
| # if HAVE_STDINT_H
| #  include <stdint.h>
| # endif
| #endif
| #if HAVE_UNISTD_H
| # include <unistd.h>
| #endif
| int
| main ()
| {
| if ((off64_t *) 0)
|   return 0;
| if (sizeof (off64_t))
|   return 0;
|   ;
|   return 0;
| }
configure:6920: result: no
configure:6923: checking size of off64_t
configure:7273: result: 0
configure:7280: checking for fpos_t
configure:7304: gcc -c -g -O2  conftest.c >&5
configure:7310: $? = 0
configure:7314: test -z 
			 || test ! -s conftest.err
configure:7317: $? = 0
configure:7320: test -s conftest.o
configure:7323: $? = 0
configure:7334: result: yes
configure:7337: checking size of fpos_t
configure:7656: gcc -o conftest -g -O2   conftest.c  >&5
configure:7659: $? = 0
configure:7661: ./conftest
configure:7664: $? = 0
configure:7687: result: 8
configure:7703: checking for popen
configure:7760: gcc -o conftest -g -O2   conftest.c  >&5
configure:7766: $? = 0
configure:7770: test -z 
			 || test ! -s conftest.err
configure:7773: $? = 0
configure:7776: test -s conftest
configure:7779: $? = 0
configure:7791: result: yes
configure:7805: checking for times
configure:7862: gcc -o conftest -g -O2   conftest.c  >&5
configure:7868: $? = 0
configure:7872: test -z 
			 || test ! -s conftest.err
configure:7875: $? = 0
configure:7878: test -s conftest
configure:7881: $? = 0
configure:7893: result: yes
configure:8156: creating ./config.status

## ---------------------- ##
## Running config.status. ##
## ---------------------- ##

This file was extended by SQUID config.status 1.9g, which was
generated by GNU Autoconf 2.59.  Invocation command line was

  CONFIG_FILES    = 
  CONFIG_HEADERS  = 
  CONFIG_LINKS    = 
  CONFIG_COMMANDS = 
  $ ./config.status 

on rivase-lm3-2.local

config.status:659: creating Makefile
config.status:659: creating Testsuite/Makefile
config.status:659: creating squid.h
config.status:762: creating squidconf.h

## ---------------- ##
## Cache variables. ##
## ---------------- ##

ac_cv_c_bigendian=no
ac_cv_c_compiler_gnu=yes
ac_cv_env_CC_set=
ac_cv_env_CC_value=
ac_cv_env_CFLAGS_set=
ac_cv_env_CFLAGS_value=
ac_cv_env_CPPFLAGS_set=
ac_cv_env_CPPFLAGS_value=
ac_cv_env_CPP_set=
ac_cv_env_CPP_value=
ac_cv_env_LDFLAGS_set=
ac_cv_env_LDFLAGS_value=
ac_cv_env_build_alias_set=
ac_cv_env_build_alias_value=
ac_cv_env_host_alias_set=
ac_cv_env_host_alias_value=
ac_cv_env_target_alias_set=
ac_cv_env_target_alias_value=
ac_cv_exeext=
ac_cv_func_fseek64=no
ac_cv_func_fseeko=yes
ac_cv_func_fseeko64=no
ac_cv_func_ftell64=no
ac_cv_func_ftello=yes
ac_cv_func_ftello64=no
ac_cv_func_htonl=yes
ac_cv_func_htons=yes
ac_cv_func_ntohl=yes
ac_cv_func_ntohs=yes
ac_cv_func_popen=yes
ac_cv_func_stat64=yes
ac_cv_func_strtoul=yes
ac_cv_func_strtoull=yes
ac_cv_func_times=yes
ac_cv_header_inttypes_h=yes
ac_cv_header_memory_h=yes
ac_cv_header_stdc=yes
ac_cv_header_stdint_h=yes
ac_cv_header_stdlib_h=yes
ac_cv_header_string_h=yes
ac_cv_header_strings_h=yes
ac_cv_header_sys_stat_h=yes
ac_cv_header_sys_types_h=yes
ac_cv_header_unistd_h=yes
ac_cv_objext=o
ac_cv_path_AR=/usr/bin/ar
ac_cv_prog_CPP='gcc -E'
ac_cv_prog_ac_ct_CC=gcc
ac_cv_prog_ac_ct_RANLIB=ranlib
ac_cv_prog_cc_g=yes
ac_cv_prog_cc_stdc=
ac_cv_prog_egrep='grep -E'
ac_cv_sizeof_fpos_t=8
ac_cv_sizeof_off64_t=0
ac_cv_sizeof_off_t=8
ac_cv_sizeof_unsigned_int=4
ac_cv_sizeof_unsigned_long=8
ac_cv_sizeof_unsigned_long_long=8
ac_cv_sizeof_unsigned_short=2
ac_cv_type_fpos_t=yes
ac_cv_type_off64_t=no
ac_cv_type_off_t=yes
ac_cv_type_unsigned_int=yes
ac_cv_type_unsigned_long=yes
ac_cv_type_unsigned_long_long=yes
ac_cv_type_unsigned_short=yes

## ----------------- ##
## Output variables. ##
## ----------------- ##

AR='/usr/bin/ar'
CC='gcc'
CFLAGS='-g -O2'
CPP='gcc -E'
CPPFLAGS=''
DEFS='-DHAVE_CONFIG_H'
ECHO_C='ECHO_N=''
ECHO_T=''
EGREP='grep -E'
EXEC_DEPENDENCY='%: %_main.o'
EXEEXT=''
LDFLAGS=''
LIBOBJS=''
LIBS=''
LTLIBOBJS=''
OBJEXT='o'
PACKAGE_BUGREPORT='eddy@genetics.wustl.edu'
PACKAGE_NAME='SQUID'
PACKAGE_STRING='SQUID 1.9g'
PACKAGE_TARNAME='squid'
PACKAGE_VERSION='1.9g'
PATH_SEPARATOR=':'
PVMINCDIR=''
PVMLIBDIR=''
PVMLIBS=''
RANLIB='ranlib'
SHELL='/bin/sh'
SQD_UINT16='unsigned short    '
SQD_UINT32='unsigned int      '
SQD_UINT64='unsigned long     '
SQUID_COPYRIGHT='Copyright (C) 1992-2003 HHMI/Washington University School of Medicine'
SQUID_DATE='January 2003'
SQUID_LICENSE='Freely distributed under the GNU General Public License (GPL)'
SQUID_LICENSETAG='gnu'
SQUID_RELCODE='squid1_9g'
SQUID_VERSION='1.9g'
ac_ct_CC='gcc'
ac_ct_RANLIB='ranlib'
bindir='${exec_prefix}/bin'
build_alias=''
datadir='${prefix}/share'
exec_prefix='${prefix}'
host_alias=''
includedir='${prefix}/include'
infodir='${prefix}/info'
libdir='${exec_prefix}/lib'
libexecdir='${exec_prefix}/libexec'
localstatedir='${prefix}/var'
mandir='${prefix}/man'
oldincludedir='/usr/include'
prefix='/usr/local'
program_transform_name='s,x,x,'
sbindir='${exec_prefix}/sbin'
sharedstatedir='${prefix}/com'
sysconfdir='${prefix}/etc'
target_alias=''

## ----------- ##
## confdefs.h. ##
## ----------- ##

#define HAVE_FSEEKO 1
#define HAVE_FTELLO 1
#define HAVE_HTONL 1
#define HAVE_HTONS 1
#define HAVE_INTTYPES_H 1
#define HAVE_MEMORY_H 1
#define HAVE_NTOHL 1
#define HAVE_NTOHS 1
#define HAVE_POPEN 1
#define HAVE_STDINT_H 1
#define HAVE_STDLIB_H 1
#define HAVE_STRINGS_H 1
#define HAVE_STRING_H 1
#define HAVE_STRTOUL 1
#define HAVE_STRTOULL 1
#define HAVE_STRTOULL 1
#define HAVE_SYS_STAT_H 1
#define HAVE_SYS_TYPES_H 1
#define HAVE_TIMES 1
#define HAVE_UNISTD_H 1
#define HAVE_UNISTD_H 1
#define PACKAGE_BUGREPORT "eddy@genetics.wustl.edu"
#define PACKAGE_NAME "SQUID"
#define PACKAGE_STRING "SQUID 1.9g"
#define PACKAGE_TARNAME "squid"
#define PACKAGE_VERSION "1.9g"
#define SIZEOF_FPOS_T 8
#define SIZEOF_OFF64_T 0
#define SIZEOF_OFF_T 8
#define SIZEOF_UNSIGNED_INT 4
#define SIZEOF_UNSIGNED_LONG 8
#define SIZEOF_UNSIGNED_LONG_LONG 8
#define SIZEOF_UNSIGNED_SHORT 2
#define SQUID_COPYRIGHT "Copyright (C) 1992-2003 HHMI/Washington University School of Medicine"
#define SQUID_DATE "January 2003"
#define SQUID_LICENSE "Freely distributed under the GNU General Public License (GPL)"
#define SQUID_VERSION "1.9g"
#define STDC_HEADERS 1

configure: exit 0
